220111 234722.461|CONFIG|AWT-EventQueue-0|setFileHandlers|Now logging to D:\pc2-9.7.0-6181\pc2-9.7.0\bin\profiles\Peb2f9844-1181-471e-a8b2-da23990f0e1c\logs directory.
220111 234722.462|INFO|AWT-EventQueue-0|info|
220111 234722.462|INFO|AWT-EventQueue-0|info|Version 9.7.0 20210317 (Wednesday, March 17th 2021 06:30 UTC) Java ver 1.8.0_311 build 6181 Windows 10 10.0 (amd64) 
220111 234722.462|INFO|AWT-EventQueue-0|info|Login: site1 (aka server0)
220111 234722.463|INFO|AWT-EventQueue-0|startLog|Working directory is D:\pc2-9.7.0-6181\pc2-9.7.0\bin
220111 234722.465|INFO|AWT-EventQueue-0|startLog|Process id is 3224@DESKTOP-A2FRFRN
220111 234722.465|DEBUG|AWT-EventQueue-0|login|Site Number is set as 1 (0 means unset)
220111 234722.466|INFO|AWT-EventQueue-0|info|initializeServer STARTED this site as Site 1
220111 234731.739|INFO|AWT-EventQueue-0|initializeServer|initializing controller with default settings
220111 234731.758|INFO|AWT-EventQueue-0|info|initialized controller Site 1
220111 234731.760|INFO|AWT-EventQueue-0|initializeServer|Judgements not loaded, no judgement file found at .\reject.ini
220111 234731.763|INFO|AWT-EventQueue-0|initializeServer|Loaded default judgements
220111 234731.763|INFO|AWT-EventQueue-0|info|No auto start.  Date = null set to start false
220111 234731.848|INFO|AWT-EventQueue-0|info|evals.log is opened at profiles\Peb2f9844-1181-471e-a8b2-da23990f0e1c\logs
220111 234731.851|INFO|AWT-EventQueue-0|updateAutoStartInformation|Created AutoStarter...
220111 234731.851|INFO|AWT-EventQueue-0|updateAutoStartInformation|updated AutoStarter with date null (note: null means no scheduled start is set)
220111 234731.854|INFO|AWT-EventQueue-0|updateAutoStopClockThread|Started auto stop clock thread, remaining time is 5:00:00
220111 234731.856|INFO|AWT-EventQueue-0|accecptConnections|accecptConnections on port:50002
220111 234731.869|INFO|AWT-EventQueue-0|info|Started Server Transport listening on 50002
220111 235213.945|CONFIG|AWT-EventQueue-0|setFileHandlers|Now logging to D:\pc2-9.7.0-6181\pc2-9.7.0\bin\profiles\Peb2f9844-1181-471e-a8b2-da23990f0e1c\logs directory.
220111 235213.945|INFO|AWT-EventQueue-0|info|
220111 235213.946|INFO|AWT-EventQueue-0|info|Version 9.7.0 20210317 (Wednesday, March 17th 2021 06:30 UTC) Java ver 1.8.0_311 build 6181 Windows 10 10.0 (amd64) 
220111 235213.946|INFO|AWT-EventQueue-0|info|Login: site1 (aka server0)
220111 235213.946|INFO|AWT-EventQueue-0|startLog|Working directory is D:\pc2-9.7.0-6181\pc2-9.7.0\bin
220111 235213.947|INFO|AWT-EventQueue-0|startLog|Process id is 6040@DESKTOP-A2FRFRN
220111 235213.947|DEBUG|AWT-EventQueue-0|login|Site Number is set as 1 (0 means unset)
220111 235213.948|INFO|AWT-EventQueue-0|info|initializeServer STARTED this site as Site 1
220111 235219.131|INFO|AWT-EventQueue-0|loadFromDisk|Loading site number 1
220111 235219.132|INFO|AWT-EventQueue-0|loadFromDisk|Loaded 0 languages
220111 235219.132|INFO|AWT-EventQueue-0|loadFromDisk|Loaded 0 problems
220111 235219.133|INFO|AWT-EventQueue-0|loadFromDisk|Loaded 1 contest_time_list
220111 235219.134|INFO|AWT-EventQueue-0|loadFromDisk|Loaded 2 accounts
220111 235219.135|INFO|AWT-EventQueue-0|loadFromDisk|Loaded 8 judgements
220111 235219.136|INFO|AWT-EventQueue-0|loadSomeSettings|Loaded 0 balloon_settings_list
220111 235219.136|INFO|AWT-EventQueue-0|loadSomeSettings|Loaded contest_time
220111 235219.136|INFO|AWT-EventQueue-0|loadSomeSettings|Loaded general_problem
220111 235219.137|INFO|AWT-EventQueue-0|loadSomeSettings|Loaded 1 profiles
220111 235219.137|INFO|AWT-EventQueue-0|loadSomeSettings|Loaded 0 categories
220111 235219.137|INFO|AWT-EventQueue-0|loadSomeSettings|Loaded profile
220111 235219.139|INFO|AWT-EventQueue-0|loadSomeSettings|Loaded 1 sites
220111 235219.141|INFO|AWT-EventQueue-0|loadSomeSettings|Loaded Contest Information Programming Contest
220111 235219.141|INFO|AWT-EventQueue-0|loadSomeSettings|Loaded 0 client_settings_list
220111 235219.141|INFO|AWT-EventQueue-0|loadSomeSettings|Loaded 0 groups
220111 235219.142|INFO|AWT-EventQueue-0|info|Loaded configuration from disk
220111 235219.177|INFO|AWT-EventQueue-0|info|evals.log is opened at profiles\Peb2f9844-1181-471e-a8b2-da23990f0e1c\logs
220111 235219.179|INFO|AWT-EventQueue-0|updateAutoStartInformation|Created AutoStarter...
220111 235219.179|INFO|AWT-EventQueue-0|updateAutoStartInformation|updated AutoStarter with date null (note: null means no scheduled start is set)
220111 235219.182|INFO|AWT-EventQueue-0|updateAutoStopClockThread|Started auto stop clock thread, remaining time is 5:00:00
220111 235219.185|FINER|AWT-EventQueue-0|info|Login not successful: Does not match first site password
220111 235900.247|CONFIG|AWT-EventQueue-0|setFileHandlers|Now logging to D:\pc2-9.7.0-6181\pc2-9.7.0\bin\profiles\Peb2f9844-1181-471e-a8b2-da23990f0e1c\logs directory.
220111 235900.248|INFO|AWT-EventQueue-0|info|
220111 235900.248|INFO|AWT-EventQueue-0|info|Version 9.7.0 20210317 (Wednesday, March 17th 2021 06:30 UTC) Java ver 1.8.0_311 build 6181 Windows 10 10.0 (amd64) 
220111 235900.248|INFO|AWT-EventQueue-0|info|Login: site1 (aka server0)
220111 235900.249|INFO|AWT-EventQueue-0|startLog|Working directory is D:\pc2-9.7.0-6181\pc2-9.7.0\bin
220111 235900.249|INFO|AWT-EventQueue-0|startLog|Process id is 7092@DESKTOP-A2FRFRN
220111 235900.250|DEBUG|AWT-EventQueue-0|login|Site Number is set as 1 (0 means unset)
220111 235900.250|INFO|AWT-EventQueue-0|info|initializeServer STARTED this site as Site 1
220111 235923.067|INFO|AWT-EventQueue-0|loadFromDisk|Loading site number 1
220111 235923.068|INFO|AWT-EventQueue-0|loadFromDisk|Loaded 0 languages
220111 235923.068|INFO|AWT-EventQueue-0|loadFromDisk|Loaded 0 problems
220111 235923.070|INFO|AWT-EventQueue-0|loadFromDisk|Loaded 1 contest_time_list
220111 235923.071|INFO|AWT-EventQueue-0|loadFromDisk|Loaded 2 accounts
220111 235923.072|INFO|AWT-EventQueue-0|loadFromDisk|Loaded 32 judgements
220111 235923.073|INFO|AWT-EventQueue-0|loadSomeSettings|Loaded 0 balloon_settings_list
220111 235923.073|INFO|AWT-EventQueue-0|loadSomeSettings|Loaded contest_time
220111 235923.073|INFO|AWT-EventQueue-0|loadSomeSettings|Loaded general_problem
220111 235923.074|INFO|AWT-EventQueue-0|loadSomeSettings|Loaded 1 profiles
220111 235923.076|INFO|AWT-EventQueue-0|loadSomeSettings|Loaded 2 categories
220111 235923.076|INFO|AWT-EventQueue-0|loadSomeSettings|Loaded profile
220111 235923.078|INFO|AWT-EventQueue-0|loadSomeSettings|Loaded 1 sites
220111 235923.078|INFO|AWT-EventQueue-0|loadSomeSettings|Loaded Contest Information Programming Contest
220111 235923.079|INFO|AWT-EventQueue-0|loadSomeSettings|Loaded 0 client_settings_list
220111 235923.079|INFO|AWT-EventQueue-0|loadSomeSettings|Loaded 0 groups
220111 235923.079|INFO|AWT-EventQueue-0|info|Loaded configuration from disk
220111 235923.114|INFO|AWT-EventQueue-0|info|evals.log is opened at profiles\Peb2f9844-1181-471e-a8b2-da23990f0e1c\logs
220111 235923.116|INFO|AWT-EventQueue-0|updateAutoStartInformation|Created AutoStarter...
220111 235923.117|INFO|AWT-EventQueue-0|updateAutoStartInformation|updated AutoStarter with date null (note: null means no scheduled start is set)
220111 235923.119|INFO|AWT-EventQueue-0|updateAutoStopClockThread|Started auto stop clock thread, remaining time is 5:00:00
220111 235923.120|INFO|AWT-EventQueue-0|accecptConnections|accecptConnections on port:50002
220111 235923.129|INFO|AWT-EventQueue-0|info|Started Server Transport listening on 50002
220201 215602.367|CONFIG|AWT-EventQueue-0|setFileHandlers|Now logging to D:\pc2-9.7.0-6181\pc2-9.7.0\bin\profiles\Peb2f9844-1181-471e-a8b2-da23990f0e1c\logs directory.
220201 215602.369|INFO|AWT-EventQueue-0|info|
220201 215602.369|INFO|AWT-EventQueue-0|info|Version 9.7.0 20210317 (Wednesday, March 17th 2021 06:30 UTC) Java ver 1.8.0_311 build 6181 Windows 10 10.0 (amd64) 
220201 215602.369|INFO|AWT-EventQueue-0|info|Login: site1 (aka server0)
220201 215602.370|INFO|AWT-EventQueue-0|startLog|Working directory is D:\pc2-9.7.0-6181\pc2-9.7.0\bin
220201 215602.371|INFO|AWT-EventQueue-0|startLog|Process id is 9576@DESKTOP-A2FRFRN
220201 215602.371|DEBUG|AWT-EventQueue-0|login|Site Number is set as 1 (0 means unset)
220201 215602.372|INFO|AWT-EventQueue-0|info|initializeServer STARTED this site as Site 1
220201 215607.714|INFO|AWT-EventQueue-0|loadFromDisk|Loading site number 1
220201 215607.714|INFO|AWT-EventQueue-0|loadFromDisk|Loaded 0 languages
220201 215607.714|INFO|AWT-EventQueue-0|loadFromDisk|Loaded 0 problems
220201 215607.716|INFO|AWT-EventQueue-0|loadFromDisk|Loaded 1 contest_time_list
220201 215607.717|INFO|AWT-EventQueue-0|loadFromDisk|Loaded 2 accounts
220201 215607.718|INFO|AWT-EventQueue-0|loadFromDisk|Loaded 32 judgements
220201 215607.718|INFO|AWT-EventQueue-0|loadSomeSettings|Loaded 0 balloon_settings_list
220201 215607.718|INFO|AWT-EventQueue-0|loadSomeSettings|Loaded contest_time
220201 215607.719|INFO|AWT-EventQueue-0|loadSomeSettings|Loaded general_problem
220201 215607.719|INFO|AWT-EventQueue-0|loadSomeSettings|Loaded 1 profiles
220201 215607.720|INFO|AWT-EventQueue-0|loadSomeSettings|Loaded 2 categories
220201 215607.721|INFO|AWT-EventQueue-0|loadSomeSettings|Loaded profile
220201 215607.723|INFO|AWT-EventQueue-0|loadSomeSettings|Loaded 1 sites
220201 215607.724|INFO|AWT-EventQueue-0|loadSomeSettings|Loaded Contest Information Programming Contest
220201 215607.724|INFO|AWT-EventQueue-0|loadSomeSettings|Loaded 0 client_settings_list
220201 215607.725|INFO|AWT-EventQueue-0|loadSomeSettings|Loaded 0 groups
220201 215607.725|INFO|AWT-EventQueue-0|info|Loaded configuration from disk
220201 215607.772|INFO|AWT-EventQueue-0|info|evals.log is opened at profiles\Peb2f9844-1181-471e-a8b2-da23990f0e1c\logs
220201 215607.775|INFO|AWT-EventQueue-0|updateAutoStartInformation|Created AutoStarter...
220201 215607.775|INFO|AWT-EventQueue-0|updateAutoStartInformation|updated AutoStarter with date null (note: null means no scheduled start is set)
220201 215607.778|INFO|AWT-EventQueue-0|updateAutoStopClockThread|Started auto stop clock thread, remaining time is 5:00:00
220201 215607.779|INFO|AWT-EventQueue-0|accecptConnections|accecptConnections on port:50002
220201 215607.793|INFO|AWT-EventQueue-0|info|Started Server Transport listening on 50002
220201 220527.214|INFO|Thread-4|<init>|new ConnectionhandlerServerThread on Socket Socket[addr=/127.0.0.1,port=57407,localport=50002]
220201 220527.221|INFO|Thread-5|registerIncomingConnectionRequest|registerIncomingConnectionRequest(myConnectionID, thread) 
220201 220527.234|INFO|Thread-5|getPublicKeyPacket|Generating Unencrypted Public Key Packet
220201 220527.236|INFO|Thread-5|getPublicKeyPacket|checking key:= SunJCE Diffie-Hellman Public Key:
y:
    11397404 597290c2 8005ca97 7150f6ba dae1183a 8686b925 053d9c85 6367022f
    9823503b e51cacb5 0388f667 5f556474 50b59395 e79a4abe c19c080e 5325ee7b
    e675b3ed efd55c42 92d84e06 c815898e bf4d4104 cdd2ea81 983a1557 ec8e1cc0
    229569d4 cf6f1b22 9ddc75c9 358969ad b1b27b12 42309aa4 0079ccdf 45e1039e
p:
    f488fd58 4e49dbcd 20b49de4 9107366b 336c380d 451d0f7c 88b31c7c 5b2d8ef6
    f3c923c0 43f0a55b 188d8ebb 558cb85d 38d334fd 7c175743 a31d186c de33212c
    b52aff3c e1b12940 18118d7c 84a70a72 d686c403 19c80729 7aca950c d9969fab
    d00a509b 0246d308 3d66a45d 419f9c7c bd894b22 1926baab a25ec355 e92f78c7
g:
    02
l:
    512
220201 220527.237|INFO|Thread-5|getPublicKeyPacket|packet:= edu.csus.ecs.pc2.core.transport.TransportWrapper@6be87f34
220201 220527.706|INFO|Thread-5|receiveUnencrypted|receiveUnencrypted(TransportWrapper, ConnectionHandlerID=Socket[addr=/127.0.0.1,port=57407,localport=50002]--3471302268880557581)
220201 220527.710|INFO|Thread-5|receiveUnencrypted|receiveUnencrypted Made a secret key for Socket[addr=/127.0.0.1,port=57407,localport=50002]--3471302268880557581 key is com.sun.crypto.provider.DESKey@18630
