220201 221250.502|CONFIG|AWT-EventQueue-0|setFileHandlers|Now logging to D:\pc2-9.7.0-6181\pc2-9.7.0\bin\logs directory.
220201 221250.503|INFO|AWT-EventQueue-0|info|
220201 221250.503|INFO|AWT-EventQueue-0|info|Version 9.7.0 20210317 (Wednesday, March 17th 2021 06:30 UTC) Java ver 1.8.0_311 build 6181 Windows 10 10.0 (amd64) 
220201 221250.503|INFO|AWT-EventQueue-0|info|Login: root (aka administrator1)
220201 221250.504|INFO|AWT-EventQueue-0|startLog|Working directory is D:\pc2-9.7.0-6181\pc2-9.7.0\bin
220201 221250.505|INFO|AWT-EventQueue-0|startLog|Process id is 6732@DESKTOP-A2FRFRN
220201 221250.505|INFO|AWT-EventQueue-0|info|Contacting server at 192.168.247.135:50002 as ADMINISTRATOR1 @ site 0
220201 221250.505|INFO|AWT-EventQueue-0|info|sendLoginRequest start - sending from ADMINISTRATOR1 @ site 0
220201 221250.511|INFO|AWT-EventQueue-0|sendToLocalServer|Sending packet to server Packet[LOGIN_REQUEST] #1 ADMINISTRATOR1 @ site 0 -> SERVER0 @ site 0
220201 221250.512|INFO|Thread-4|run|send(Serializable)
220201 221250.514|INFO|AWT-EventQueue-0|sendToLocalServer|Sent    packet to server Packet[LOGIN_REQUEST] #1 ADMINISTRATOR1 @ site 0 -> SERVER0 @ site 0
220201 221250.514|INFO|AWT-EventQueue-0|info|sendLoginRequest end - packet sent.
220201 221250.624|INFO|Thread-1|receive|public void receive(SealedObject TransportPacket, ConnectionHandlerID connectionHandlerID)
220201 221250.638|INFO|Thread-5|info| receiveObject(S) start got Packet[LOGIN_FAILED] #3 SERVER0 @ site 1 -> ADMINISTRATOR1 @ site 0
220201 221250.639|INFO|Thread-5|dumpPacket|Packet LOGIN_FAILED (Seq #3, o#3 ) recieveObject
220201 221250.640|INFO|Thread-5|dumpPacket|  From: SERVER0 @ site 1, oSERVER0 @ site 1 (DESKTOP-D4I0OE9 @ 192.168.247.135) (Contest Id: Default--4957759304671347839)
220201 221250.640|INFO|Thread-5|dumpPacket|    To: ADMINISTRATOR1 @ site 0
220201 221250.641|INFO|Thread-5|dumpPacket|   key: MESSAGE_STRING is: java.lang.String Invalid password
220201 221250.641|INFO|Thread-5|info|handlePacket start Packet[LOGIN_FAILED] #3 SERVER0 @ site 1 -> ADMINISTRATOR1 @ site 0
220201 221250.642|INFO|Thread-5|dumpPacket|Packet LOGIN_FAILED (Seq #3, o#3 ) handlePacket
220201 221250.642|INFO|Thread-5|dumpPacket|  From: SERVER0 @ site 1, oSERVER0 @ site 1 (DESKTOP-D4I0OE9 @ 192.168.247.135) (Contest Id: Default--4957759304671347839)
220201 221250.643|INFO|Thread-5|dumpPacket|    To: ADMINISTRATOR1 @ site 0
220201 221250.643|INFO|Thread-5|dumpPacket|   key: MESSAGE_STRING is: java.lang.String Invalid password
220201 221252.365|INFO|Thread-5|info| receiveObject(S) end   got Packet[LOGIN_FAILED] #3 SERVER0 @ site 1 -> ADMINISTRATOR1 @ site 0
220202 225334.652|CONFIG|AWT-EventQueue-0|setFileHandlers|Now logging to D:\pc2-9.7.0-6181\pc2-9.7.0\bin\logs directory.
220202 225334.654|INFO|AWT-EventQueue-0|info|
220202 225334.654|INFO|AWT-EventQueue-0|info|Version 9.7.0 20210317 (Wednesday, March 17th 2021 06:30 UTC) Java ver 1.8.0_311 build 6181 Windows 10 10.0 (amd64) 
220202 225334.654|INFO|AWT-EventQueue-0|info|Login: root (aka administrator1)
220202 225334.655|INFO|AWT-EventQueue-0|startLog|Working directory is D:\pc2-9.7.0-6181\pc2-9.7.0\bin
220202 225334.656|INFO|AWT-EventQueue-0|startLog|Process id is 1080@DESKTOP-A2FRFRN
220202 225334.656|INFO|AWT-EventQueue-0|info|Contacting server at 192.168.247.135:50002 as ADMINISTRATOR1 @ site 0
220202 225334.656|INFO|AWT-EventQueue-0|info|sendLoginRequest start - sending from ADMINISTRATOR1 @ site 0
220202 225334.663|INFO|AWT-EventQueue-0|sendToLocalServer|Sending packet to server Packet[LOGIN_REQUEST] #1 ADMINISTRATOR1 @ site 0 -> SERVER0 @ site 0
220202 225334.664|INFO|Thread-4|run|send(Serializable)
220202 225334.666|INFO|AWT-EventQueue-0|sendToLocalServer|Sent    packet to server Packet[LOGIN_REQUEST] #1 ADMINISTRATOR1 @ site 0 -> SERVER0 @ site 0
220202 225334.666|INFO|AWT-EventQueue-0|info|sendLoginRequest end - packet sent.
220202 225334.861|INFO|Thread-1|receive|public void receive(SealedObject TransportPacket, ConnectionHandlerID connectionHandlerID)
220202 225334.904|INFO|Thread-5|info| receiveObject(S) start got Packet[LOGIN] #3 SERVER0 @ site 1 -> SERVER0 @ site 0
220202 225334.905|INFO|Thread-5|dumpPacket|Packet LOGIN (Seq #3, o#3 ) recieveObject
220202 225334.906|INFO|Thread-5|dumpPacket|  From: SERVER0 @ site 1, oSERVER0 @ site 1 (Hamzyy @ 192.168.85.1) (Contest Id: Default--4957759304671347839)
220202 225334.906|INFO|Thread-5|dumpPacket|    To: SERVER0 @ site 0
220202 225334.907|INFO|Thread-5|dumpPacket|   key: CLIENT_SETTINGS is: edu.csus.ecs.pc2.core.model.ClientSettings edu.csus.ecs.pc2.core.model.ClientSettings@78782e07
220202 225334.908|INFO|Thread-5|dumpPacket|   key: CONNECTION_HANDLE_ID is: edu.csus.ecs.pc2.core.transport.ConnectionHandlerID Socket[addr=/192.168.247.19,port=56831,localport=50002]-7201511442212423156
220202 225334.908|INFO|Thread-1|receive|public void receive(SealedObject TransportPacket, ConnectionHandlerID connectionHandlerID)
220202 225334.909|INFO|Thread-5|dumpPacket|   key: CLIENT_ID is: edu.csus.ecs.pc2.core.model.ClientId ADMINISTRATOR1 @ site 1
220202 225334.910|INFO|Thread-5|info|handlePacket start Packet[LOGIN] #3 SERVER0 @ site 1 -> SERVER0 @ site 0
220202 225334.910|INFO|Thread-5|dumpPacket|Packet LOGIN (Seq #3, o#3 ) handlePacket
220202 225334.911|INFO|Thread-5|dumpPacket|  From: SERVER0 @ site 1, oSERVER0 @ site 1 (Hamzyy @ 192.168.85.1) (Contest Id: Default--4957759304671347839)
220202 225334.912|INFO|Thread-5|dumpPacket|    To: SERVER0 @ site 0
220202 225334.913|INFO|Thread-5|dumpPacket|   key: CLIENT_SETTINGS is: edu.csus.ecs.pc2.core.model.ClientSettings edu.csus.ecs.pc2.core.model.ClientSettings@78782e07
220202 225334.924|INFO|Thread-5|dumpPacket|   key: CONNECTION_HANDLE_ID is: edu.csus.ecs.pc2.core.transport.ConnectionHandlerID Socket[addr=/192.168.247.19,port=56831,localport=50002]-7201511442212423156
220202 225334.931|INFO|Thread-5|dumpPacket|   key: CLIENT_ID is: edu.csus.ecs.pc2.core.model.ClientId ADMINISTRATOR1 @ site 1
220202 225334.953|INFO|Thread-5|info|Note: got a LOGIN packet before this site was logged in Packet[LOGIN] #3 SERVER0 @ site 1 -> SERVER0 @ site 0
220202 225334.954|INFO|Thread-5|info|handlePacket end Packet[LOGIN] #3 SERVER0 @ site 1 -> SERVER0 @ site 0
220202 225334.954|INFO|Thread-5|info| receiveObject(S) end   got Packet[LOGIN] #3 SERVER0 @ site 1 -> SERVER0 @ site 0
220202 225334.997|INFO|Thread-6|info| receiveObject(S) start got Packet[LOGIN_SUCCESS] #2 SERVER0 @ site 1 -> ADMINISTRATOR1 @ site 1
220202 225334.997|INFO|Thread-6|dumpPacket|Packet LOGIN_SUCCESS (Seq #2, o#2 ) recieveObject
220202 225334.997|INFO|Thread-6|dumpPacket|  From: SERVER0 @ site 1, oSERVER0 @ site 1 (Hamzyy @ 192.168.85.1) (Contest Id: Default--4957759304671347839)
220202 225334.997|INFO|Thread-6|dumpPacket|    To: ADMINISTRATOR1 @ site 1
220202 225334.997|INFO|Thread-6|dumpPacket|   key: JUDGEMENT_LIST is: [Ledu.csus.ecs.pc2.core.model.Judgement; [Ledu.csus.ecs.pc2.core.model.Judgement;@28a7fc48
220202 225334.997|INFO|Thread-6|dumpPacket|   key: CLARIFICATION_LIST is: [Ledu.csus.ecs.pc2.core.model.Clarification; [Ledu.csus.ecs.pc2.core.model.Clarification;@2660072c
220202 225334.998|INFO|Thread-6|dumpPacket|   key: GENERAL_PROBLEM is: edu.csus.ecs.pc2.core.model.Problem General
220202 225334.998|INFO|Thread-6|dumpPacket|   key: LANGUAGE_LIST is: [Ledu.csus.ecs.pc2.core.model.Language; [Ledu.csus.ecs.pc2.core.model.Language;@225f9738
220202 225334.998|INFO|Thread-6|dumpPacket|   key: SITE_LIST is: [Ledu.csus.ecs.pc2.core.model.Site; [Ledu.csus.ecs.pc2.core.model.Site;@675d0d17
220202 225334.998|INFO|Thread-6|dumpPacket|   key: GROUP_LIST is: [Ledu.csus.ecs.pc2.core.model.Group; [Ledu.csus.ecs.pc2.core.model.Group;@700fe808
220202 225334.998|INFO|Thread-6|dumpPacket|   key: CONTEST_TIME_LIST is: [Ledu.csus.ecs.pc2.core.model.ContestTime; [Ledu.csus.ecs.pc2.core.model.ContestTime;@56f0c842
220202 225334.999|INFO|Thread-6|dumpPacket|   key: CONTEST_INFORMATION is: edu.csus.ecs.pc2.core.model.ContestInformation edu.csus.ecs.pc2.core.model.ContestInformation@84873f3
220202 225334.999|INFO|Thread-6|dumpPacket|   key: CONTEST_TIME is: edu.csus.ecs.pc2.core.model.ContestTime edu.csus.ecs.pc2.core.model.ContestTime@772f258
220202 225334.999|INFO|Thread-6|dumpPacket|   key: CONNECTION_HANDLE_ID_LIST is: [Ledu.csus.ecs.pc2.core.transport.ConnectionHandlerID; [Ledu.csus.ecs.pc2.core.transport.ConnectionHandlerID;@8b21516
220202 225334.999|INFO|Thread-6|dumpPacket|   key: REMOTE_LOGGED_IN_USERS is: [Ledu.csus.ecs.pc2.core.model.ClientId; [Ledu.csus.ecs.pc2.core.model.ClientId;@58d06e9a
220202 225334.999|INFO|Thread-6|dumpPacket|   key: BALLOON_SETTINGS_LIST is: [Ledu.csus.ecs.pc2.core.model.BalloonSettings; [Ledu.csus.ecs.pc2.core.model.BalloonSettings;@134c5998
220202 225335.000|INFO|Thread-6|dumpPacket|   key: PROFILE is: edu.csus.ecs.pc2.core.model.Profile Default--371320631774289143
220202 225335.000|INFO|Thread-6|dumpPacket|   key: RUN_LIST is: [Ledu.csus.ecs.pc2.core.model.Run; [Ledu.csus.ecs.pc2.core.model.Run;@33c899b
220202 225335.000|INFO|Thread-6|dumpPacket|   key: PROFILE_LIST is: [Ledu.csus.ecs.pc2.core.model.Profile; [Ledu.csus.ecs.pc2.core.model.Profile;@1b3e264f
220202 225335.000|INFO|Thread-6|dumpPacket|   key: LOCAL_LOGGED_IN_USERS is: [Ledu.csus.ecs.pc2.core.model.ClientId; [Ledu.csus.ecs.pc2.core.model.ClientId;@40412f0c
220202 225335.000|INFO|Thread-6|dumpPacket|   key: ACCOUNT_ARRAY is: [Ledu.csus.ecs.pc2.core.model.Account; [Ledu.csus.ecs.pc2.core.model.Account;@31b03e05
220202 225335.000|INFO|Thread-6|dumpPacket|   key: CLIENT_SETTINGS_LIST is: [Ledu.csus.ecs.pc2.core.model.ClientSettings; [Ledu.csus.ecs.pc2.core.model.ClientSettings;@56a719f9
220202 225335.000|INFO|Thread-6|dumpPacket|   key: SITE_NUMBER is: java.lang.Integer 1
220202 225335.000|INFO|Thread-6|dumpPacket|   key: SERVER_CLOCK_OFFSET is: java.util.GregorianCalendar java.util.GregorianCalendar[time=1643824414156,areFieldsSet=true,areAllFieldsSet=false,lenient=true,zone=sun.util.calendar.ZoneInfo[id="GMT",offset=0,dstSavings=0,useDaylight=false,transitions=0,lastRule=null],firstDayOfWeek=1,minimalDaysInFirstWeek=1,ERA=1,YEAR=2022,MONTH=1,WEEK_OF_YEAR=6,WEEK_OF_MONTH=1,DAY_OF_MONTH=2,DAY_OF_YEAR=33,DAY_OF_WEEK=4,DAY_OF_WEEK_IN_MONTH=1,AM_PM=1,HOUR=5,HOUR_OF_DAY=17,MINUTE=53,SECOND=34,MILLISECOND=156,ZONE_OFFSET=0,DST_OFFSET=0]
220202 225335.001|INFO|Thread-6|dumpPacket|   key: CONTEST_IDENTIFIER is: java.lang.String Default--4957759304671347839
220202 225335.001|INFO|Thread-6|dumpPacket|   key: CATEGORY_LIST is: [Ledu.csus.ecs.pc2.core.model.Category; [Ledu.csus.ecs.pc2.core.model.Category;@3cc1413c
220202 225335.001|INFO|Thread-6|dumpPacket|   key: PROBLEM_DATA_FILES is: [Ledu.csus.ecs.pc2.core.model.ProblemDataFiles; [Ledu.csus.ecs.pc2.core.model.ProblemDataFiles;@75b130e7
220202 225335.001|INFO|Thread-6|dumpPacket|   key: PROBLEM_LIST is: [Ledu.csus.ecs.pc2.core.model.Problem; [Ledu.csus.ecs.pc2.core.model.Problem;@45416842
220202 225335.001|INFO|Thread-6|dumpPacket|   key: CLIENT_ID is: edu.csus.ecs.pc2.core.model.ClientId ADMINISTRATOR1 @ site 1
220202 225335.001|INFO|Thread-6|info|handlePacket start Packet[LOGIN_SUCCESS] #2 SERVER0 @ site 1 -> ADMINISTRATOR1 @ site 1
220202 225335.002|INFO|Thread-6|dumpPacket|Packet LOGIN_SUCCESS (Seq #2, o#2 ) handlePacket
220202 225335.002|INFO|Thread-6|dumpPacket|  From: SERVER0 @ site 1, oSERVER0 @ site 1 (Hamzyy @ 192.168.85.1) (Contest Id: Default--4957759304671347839)
220202 225335.002|INFO|Thread-6|dumpPacket|    To: ADMINISTRATOR1 @ site 1
220202 225335.002|INFO|Thread-6|dumpPacket|   key: JUDGEMENT_LIST is: [Ledu.csus.ecs.pc2.core.model.Judgement; [Ledu.csus.ecs.pc2.core.model.Judgement;@28a7fc48
220202 225335.002|INFO|Thread-6|dumpPacket|   key: CLARIFICATION_LIST is: [Ledu.csus.ecs.pc2.core.model.Clarification; [Ledu.csus.ecs.pc2.core.model.Clarification;@2660072c
220202 225335.003|INFO|Thread-6|dumpPacket|   key: GENERAL_PROBLEM is: edu.csus.ecs.pc2.core.model.Problem General
220202 225335.003|INFO|Thread-6|dumpPacket|   key: LANGUAGE_LIST is: [Ledu.csus.ecs.pc2.core.model.Language; [Ledu.csus.ecs.pc2.core.model.Language;@225f9738
220202 225335.003|INFO|Thread-6|dumpPacket|   key: SITE_LIST is: [Ledu.csus.ecs.pc2.core.model.Site; [Ledu.csus.ecs.pc2.core.model.Site;@675d0d17
220202 225335.003|INFO|Thread-6|dumpPacket|   key: GROUP_LIST is: [Ledu.csus.ecs.pc2.core.model.Group; [Ledu.csus.ecs.pc2.core.model.Group;@700fe808
220202 225335.003|INFO|Thread-6|dumpPacket|   key: CONTEST_TIME_LIST is: [Ledu.csus.ecs.pc2.core.model.ContestTime; [Ledu.csus.ecs.pc2.core.model.ContestTime;@56f0c842
220202 225335.004|INFO|Thread-6|dumpPacket|   key: CONTEST_INFORMATION is: edu.csus.ecs.pc2.core.model.ContestInformation edu.csus.ecs.pc2.core.model.ContestInformation@84873f3
220202 225335.004|INFO|Thread-6|dumpPacket|   key: CONTEST_TIME is: edu.csus.ecs.pc2.core.model.ContestTime edu.csus.ecs.pc2.core.model.ContestTime@772f258
220202 225335.004|INFO|Thread-6|dumpPacket|   key: CONNECTION_HANDLE_ID_LIST is: [Ledu.csus.ecs.pc2.core.transport.ConnectionHandlerID; [Ledu.csus.ecs.pc2.core.transport.ConnectionHandlerID;@8b21516
220202 225335.004|INFO|Thread-6|dumpPacket|   key: REMOTE_LOGGED_IN_USERS is: [Ledu.csus.ecs.pc2.core.model.ClientId; [Ledu.csus.ecs.pc2.core.model.ClientId;@58d06e9a
220202 225335.004|INFO|Thread-6|dumpPacket|   key: BALLOON_SETTINGS_LIST is: [Ledu.csus.ecs.pc2.core.model.BalloonSettings; [Ledu.csus.ecs.pc2.core.model.BalloonSettings;@134c5998
220202 225335.004|INFO|Thread-6|dumpPacket|   key: PROFILE is: edu.csus.ecs.pc2.core.model.Profile Default--371320631774289143
220202 225335.005|INFO|Thread-6|dumpPacket|   key: RUN_LIST is: [Ledu.csus.ecs.pc2.core.model.Run; [Ledu.csus.ecs.pc2.core.model.Run;@33c899b
220202 225335.005|INFO|Thread-6|dumpPacket|   key: PROFILE_LIST is: [Ledu.csus.ecs.pc2.core.model.Profile; [Ledu.csus.ecs.pc2.core.model.Profile;@1b3e264f
220202 225335.005|INFO|Thread-6|dumpPacket|   key: LOCAL_LOGGED_IN_USERS is: [Ledu.csus.ecs.pc2.core.model.ClientId; [Ledu.csus.ecs.pc2.core.model.ClientId;@40412f0c
220202 225335.005|INFO|Thread-6|dumpPacket|   key: ACCOUNT_ARRAY is: [Ledu.csus.ecs.pc2.core.model.Account; [Ledu.csus.ecs.pc2.core.model.Account;@31b03e05
220202 225335.005|INFO|Thread-6|dumpPacket|   key: CLIENT_SETTINGS_LIST is: [Ledu.csus.ecs.pc2.core.model.ClientSettings; [Ledu.csus.ecs.pc2.core.model.ClientSettings;@56a719f9
220202 225335.005|INFO|Thread-6|dumpPacket|   key: SITE_NUMBER is: java.lang.Integer 1
220202 225335.005|INFO|Thread-6|dumpPacket|   key: SERVER_CLOCK_OFFSET is: java.util.GregorianCalendar java.util.GregorianCalendar[time=1643824414156,areFieldsSet=true,areAllFieldsSet=false,lenient=true,zone=sun.util.calendar.ZoneInfo[id="GMT",offset=0,dstSavings=0,useDaylight=false,transitions=0,lastRule=null],firstDayOfWeek=1,minimalDaysInFirstWeek=1,ERA=1,YEAR=2022,MONTH=1,WEEK_OF_YEAR=6,WEEK_OF_MONTH=1,DAY_OF_MONTH=2,DAY_OF_YEAR=33,DAY_OF_WEEK=4,DAY_OF_WEEK_IN_MONTH=1,AM_PM=1,HOUR=5,HOUR_OF_DAY=17,MINUTE=53,SECOND=34,MILLISECOND=156,ZONE_OFFSET=0,DST_OFFSET=0]
220202 225335.006|INFO|Thread-6|dumpPacket|   key: CONTEST_IDENTIFIER is: java.lang.String Default--4957759304671347839
220202 225335.006|INFO|Thread-6|dumpPacket|   key: CATEGORY_LIST is: [Ledu.csus.ecs.pc2.core.model.Category; [Ledu.csus.ecs.pc2.core.model.Category;@3cc1413c
220202 225335.006|INFO|Thread-6|dumpPacket|   key: PROBLEM_DATA_FILES is: [Ledu.csus.ecs.pc2.core.model.ProblemDataFiles; [Ledu.csus.ecs.pc2.core.model.ProblemDataFiles;@75b130e7
220202 225335.006|INFO|Thread-6|dumpPacket|   key: PROBLEM_LIST is: [Ledu.csus.ecs.pc2.core.model.Problem; [Ledu.csus.ecs.pc2.core.model.Problem;@45416842
220202 225335.006|INFO|Thread-6|dumpPacket|   key: CLIENT_ID is: edu.csus.ecs.pc2.core.model.ClientId ADMINISTRATOR1 @ site 1
220202 230538.351|INFO|Thread-7|run|send(Serializable)
220202 230538.530|INFO|Thread-1|receive|public void receive(SealedObject TransportPacket, ConnectionHandlerID connectionHandlerID)
220202 230606.572|INFO|Thread-9|run|send(Serializable)
220202 230606.648|INFO|Thread-1|receive|public void receive(SealedObject TransportPacket, ConnectionHandlerID connectionHandlerID)
220202 230637.236|INFO|Thread-11|run|send(Serializable)
220202 230637.338|INFO|Thread-1|receive|public void receive(SealedObject TransportPacket, ConnectionHandlerID connectionHandlerID)
220202 230730.542|INFO|Thread-13|run|send(Serializable)
220202 230730.768|INFO|Thread-1|receive|public void receive(SealedObject TransportPacket, ConnectionHandlerID connectionHandlerID)
220202 231118.255|INFO|Thread-15|run|send(Serializable)
220202 231118.256|INFO|Thread-16|run|send(Serializable)
220202 231118.258|INFO|Thread-17|run|send(Serializable)
220202 231118.259|INFO|Thread-18|run|send(Serializable)
220202 231118.262|INFO|Thread-19|run|send(Serializable)
220202 231118.376|INFO|Thread-1|receive|public void receive(SealedObject TransportPacket, ConnectionHandlerID connectionHandlerID)
220202 231118.383|INFO|Thread-1|receive|public void receive(SealedObject TransportPacket, ConnectionHandlerID connectionHandlerID)
220202 231118.602|INFO|Thread-1|receive|public void receive(SealedObject TransportPacket, ConnectionHandlerID connectionHandlerID)
220202 231118.611|INFO|Thread-1|receive|public void receive(SealedObject TransportPacket, ConnectionHandlerID connectionHandlerID)
220202 231118.620|INFO|Thread-1|receive|public void receive(SealedObject TransportPacket, ConnectionHandlerID connectionHandlerID)
220202 231238.980|INFO|Thread-25|run|send(Serializable)
220202 231309.913|INFO|Thread-26|run|send(Serializable)
220202 231322.071|INFO|Thread-27|run|send(Serializable)
220202 231422.271|INFO|Thread-28|run|send(Serializable)
220202 231436.602|INFO|Thread-29|run|send(Serializable)
220202 235133.201|INFO|Thread-1|receive|public void receive(SealedObject TransportPacket, ConnectionHandlerID connectionHandlerID)
220202 235153.726|INFO|Thread-1|receive|public void receive(SealedObject TransportPacket, ConnectionHandlerID connectionHandlerID)
220202 235740.656|INFO|Thread-1|receive|public void receive(SealedObject TransportPacket, ConnectionHandlerID connectionHandlerID)
220202 235740.658|INFO|Thread-1|receive|public void receive(SealedObject TransportPacket, ConnectionHandlerID connectionHandlerID)
220202 235748.623|INFO|Thread-1|receive|public void receive(SealedObject TransportPacket, ConnectionHandlerID connectionHandlerID)
220203 000243.437|INFO|Thread-1|receive|public void receive(SealedObject TransportPacket, ConnectionHandlerID connectionHandlerID)
220203 000847.153|INFO|Thread-1|receive|public void receive(SealedObject TransportPacket, ConnectionHandlerID connectionHandlerID)
220203 001449.827|INFO|Thread-37|run|send(Serializable)
220203 001450.923|INFO|Thread-1|receive|public void receive(SealedObject TransportPacket, ConnectionHandlerID connectionHandlerID)
220203 003502.210|INFO|Thread-1|receive|public void receive(SealedObject TransportPacket, ConnectionHandlerID connectionHandlerID)
220203 003517.871|INFO|Thread-1|receive|public void receive(SealedObject TransportPacket, ConnectionHandlerID connectionHandlerID)
220203 003535.380|INFO|Thread-1|receive|public void receive(SealedObject TransportPacket, ConnectionHandlerID connectionHandlerID)
220203 003557.255|INFO|Thread-1|receive|public void receive(SealedObject TransportPacket, ConnectionHandlerID connectionHandlerID)
220203 003557.267|INFO|Thread-1|receive|public void receive(SealedObject TransportPacket, ConnectionHandlerID connectionHandlerID)
220203 003601.919|INFO|Thread-1|receive|public void receive(SealedObject TransportPacket, ConnectionHandlerID connectionHandlerID)
220203 003617.406|INFO|Thread-1|receive|public void receive(SealedObject TransportPacket, ConnectionHandlerID connectionHandlerID)
220203 033754.557|INFO|Thread-1|connectionDropped|connectionDropped(ConnectionHandlerID myConnectionID) 
220205 103656.500|CONFIG|AWT-EventQueue-0|setFileHandlers|Now logging to D:\pc2-9.7.0-6181\pc2-9.7.0\bin\logs directory.
220205 103656.501|INFO|AWT-EventQueue-0|info|
220205 103656.501|INFO|AWT-EventQueue-0|info|Version 9.7.0 20210317 (Wednesday, March 17th 2021 06:30 UTC) Java ver 1.8.0_311 build 6181 Windows 10 10.0 (amd64) 
220205 103656.501|INFO|AWT-EventQueue-0|info|Login: root (aka administrator1)
220205 103656.501|INFO|AWT-EventQueue-0|startLog|Working directory is D:\pc2-9.7.0-6181\pc2-9.7.0\bin
220205 103656.502|INFO|AWT-EventQueue-0|startLog|Process id is 6604@DESKTOP-A2FRFRN
220205 103656.502|INFO|AWT-EventQueue-0|info|Contacting server at localhost:50002 as ADMINISTRATOR1 @ site 0
220205 103656.503|INFO|AWT-EventQueue-0|info|sendLoginRequest start - sending from ADMINISTRATOR1 @ site 0
220205 103656.508|INFO|AWT-EventQueue-0|sendToLocalServer|Sending packet to server Packet[LOGIN_REQUEST] #1 ADMINISTRATOR1 @ site 0 -> SERVER0 @ site 0
220205 103656.509|INFO|Thread-4|run|send(Serializable)
220205 103656.510|INFO|AWT-EventQueue-0|sendToLocalServer|Sent    packet to server Packet[LOGIN_REQUEST] #1 ADMINISTRATOR1 @ site 0 -> SERVER0 @ site 0
220205 103656.510|INFO|AWT-EventQueue-0|info|sendLoginRequest end - packet sent.
220205 103656.574|INFO|Thread-1|receive|public void receive(SealedObject TransportPacket, ConnectionHandlerID connectionHandlerID)
220205 103656.593|INFO|Thread-1|receive|public void receive(SealedObject TransportPacket, ConnectionHandlerID connectionHandlerID)
220205 103656.593|INFO|Thread-5|info| receiveObject(S) start got Packet[LOGIN] #3 SERVER0 @ site 1 -> SERVER0 @ site 0
220205 103656.593|INFO|Thread-5|dumpPacket|Packet LOGIN (Seq #3, o#3 ) recieveObject
220205 103656.593|INFO|Thread-5|dumpPacket|  From: SERVER0 @ site 1, oSERVER0 @ site 1 (DESKTOP-A2FRFRN @ 192.168.10.112) (Contest Id: Default--4957759304671347839)
220205 103656.594|INFO|Thread-5|dumpPacket|    To: SERVER0 @ site 0
220205 103656.595|INFO|Thread-5|dumpPacket|   key: CLIENT_SETTINGS is: edu.csus.ecs.pc2.core.model.ClientSettings edu.csus.ecs.pc2.core.model.ClientSettings@17894b1b
220205 103656.595|INFO|Thread-5|dumpPacket|   key: CONNECTION_HANDLE_ID is: edu.csus.ecs.pc2.core.transport.ConnectionHandlerID Socket[addr=/127.0.0.1,port=59414,localport=50002]--2199167228513693327
220205 103656.595|INFO|Thread-5|dumpPacket|   key: CLIENT_ID is: edu.csus.ecs.pc2.core.model.ClientId ADMINISTRATOR1 @ site 1
220205 103656.596|INFO|Thread-5|info|handlePacket start Packet[LOGIN] #3 SERVER0 @ site 1 -> SERVER0 @ site 0
220205 103656.596|INFO|Thread-5|dumpPacket|Packet LOGIN (Seq #3, o#3 ) handlePacket
220205 103656.596|INFO|Thread-5|dumpPacket|  From: SERVER0 @ site 1, oSERVER0 @ site 1 (DESKTOP-A2FRFRN @ 192.168.10.112) (Contest Id: Default--4957759304671347839)
220205 103656.597|INFO|Thread-5|dumpPacket|    To: SERVER0 @ site 0
220205 103656.597|INFO|Thread-5|dumpPacket|   key: CLIENT_SETTINGS is: edu.csus.ecs.pc2.core.model.ClientSettings edu.csus.ecs.pc2.core.model.ClientSettings@17894b1b
220205 103656.603|INFO|Thread-5|dumpPacket|   key: CONNECTION_HANDLE_ID is: edu.csus.ecs.pc2.core.transport.ConnectionHandlerID Socket[addr=/127.0.0.1,port=59414,localport=50002]--2199167228513693327
220205 103656.613|INFO|Thread-5|dumpPacket|   key: CLIENT_ID is: edu.csus.ecs.pc2.core.model.ClientId ADMINISTRATOR1 @ site 1
220205 103656.617|INFO|Thread-5|info|Note: got a LOGIN packet before this site was logged in Packet[LOGIN] #3 SERVER0 @ site 1 -> SERVER0 @ site 0
220205 103656.617|INFO|Thread-5|info|handlePacket end Packet[LOGIN] #3 SERVER0 @ site 1 -> SERVER0 @ site 0
220205 103656.617|INFO|Thread-5|info| receiveObject(S) end   got Packet[LOGIN] #3 SERVER0 @ site 1 -> SERVER0 @ site 0
220205 103656.654|INFO|Thread-6|info| receiveObject(S) start got Packet[LOGIN_SUCCESS] #2 SERVER0 @ site 1 -> ADMINISTRATOR1 @ site 1
220205 103656.654|INFO|Thread-6|dumpPacket|Packet LOGIN_SUCCESS (Seq #2, o#2 ) recieveObject
220205 103656.655|INFO|Thread-6|dumpPacket|  From: SERVER0 @ site 1, oSERVER0 @ site 1 (DESKTOP-A2FRFRN @ 192.168.10.112) (Contest Id: Default--4957759304671347839)
220205 103656.655|INFO|Thread-6|dumpPacket|    To: ADMINISTRATOR1 @ site 1
220205 103656.655|INFO|Thread-6|dumpPacket|   key: JUDGEMENT_LIST is: [Ledu.csus.ecs.pc2.core.model.Judgement; [Ledu.csus.ecs.pc2.core.model.Judgement;@2abc284e
220205 103656.655|INFO|Thread-6|dumpPacket|   key: CLARIFICATION_LIST is: [Ledu.csus.ecs.pc2.core.model.Clarification; [Ledu.csus.ecs.pc2.core.model.Clarification;@247bc369
220205 103656.655|INFO|Thread-6|dumpPacket|   key: GENERAL_PROBLEM is: edu.csus.ecs.pc2.core.model.Problem General
220205 103656.656|INFO|Thread-6|dumpPacket|   key: LANGUAGE_LIST is: [Ledu.csus.ecs.pc2.core.model.Language; [Ledu.csus.ecs.pc2.core.model.Language;@2044433e
220205 103656.656|INFO|Thread-6|dumpPacket|   key: SITE_LIST is: [Ledu.csus.ecs.pc2.core.model.Site; [Ledu.csus.ecs.pc2.core.model.Site;@6546c952
220205 103656.656|INFO|Thread-6|dumpPacket|   key: GROUP_LIST is: [Ledu.csus.ecs.pc2.core.model.Group; [Ledu.csus.ecs.pc2.core.model.Group;@2ef363ec
220205 103656.656|INFO|Thread-6|dumpPacket|   key: CONTEST_TIME_LIST is: [Ledu.csus.ecs.pc2.core.model.ContestTime; [Ledu.csus.ecs.pc2.core.model.ContestTime;@54698dd0
220205 103656.656|INFO|Thread-6|dumpPacket|   key: CONTEST_INFORMATION is: edu.csus.ecs.pc2.core.model.ContestInformation edu.csus.ecs.pc2.core.model.ContestInformation@563679d0
220205 103656.656|INFO|Thread-6|dumpPacket|   key: CONTEST_TIME is: edu.csus.ecs.pc2.core.model.ContestTime edu.csus.ecs.pc2.core.model.ContestTime@569361d
220205 103656.657|INFO|Thread-6|dumpPacket|   key: CONNECTION_HANDLE_ID_LIST is: [Ledu.csus.ecs.pc2.core.transport.ConnectionHandlerID; [Ledu.csus.ecs.pc2.core.transport.ConnectionHandlerID;@3030c95f
220205 103656.657|INFO|Thread-6|dumpPacket|   key: REMOTE_LOGGED_IN_USERS is: [Ledu.csus.ecs.pc2.core.model.ClientId; [Ledu.csus.ecs.pc2.core.model.ClientId;@28afc584
220205 103656.657|INFO|Thread-6|dumpPacket|   key: BALLOON_SETTINGS_LIST is: [Ledu.csus.ecs.pc2.core.model.BalloonSettings; [Ledu.csus.ecs.pc2.core.model.BalloonSettings;@4d32d1b8
220205 103656.657|INFO|Thread-6|dumpPacket|   key: PROFILE is: edu.csus.ecs.pc2.core.model.Profile Default--371320631774289143
220205 103656.657|INFO|Thread-6|dumpPacket|   key: RUN_LIST is: [Ledu.csus.ecs.pc2.core.model.Run; [Ledu.csus.ecs.pc2.core.model.Run;@127cfdd
220205 103656.657|INFO|Thread-6|dumpPacket|   key: PROFILE_LIST is: [Ledu.csus.ecs.pc2.core.model.Profile; [Ledu.csus.ecs.pc2.core.model.Profile;@37eb8497
220205 103656.657|INFO|Thread-6|dumpPacket|   key: LOCAL_LOGGED_IN_USERS is: [Ledu.csus.ecs.pc2.core.model.ClientId; [Ledu.csus.ecs.pc2.core.model.ClientId;@61bef40b
220205 103656.657|INFO|Thread-6|dumpPacket|   key: ACCOUNT_ARRAY is: [Ledu.csus.ecs.pc2.core.model.Account; [Ledu.csus.ecs.pc2.core.model.Account;@3a5a5695
220205 103656.657|INFO|Thread-6|dumpPacket|   key: CLIENT_SETTINGS_LIST is: [Ledu.csus.ecs.pc2.core.model.ClientSettings; [Ledu.csus.ecs.pc2.core.model.ClientSettings;@53c2f24
220205 103656.658|INFO|Thread-6|dumpPacket|   key: SITE_NUMBER is: java.lang.Integer 1
220205 103656.658|INFO|Thread-6|dumpPacket|   key: SERVER_CLOCK_OFFSET is: java.util.GregorianCalendar java.util.GregorianCalendar[time=1644039416554,areFieldsSet=true,areAllFieldsSet=false,lenient=true,zone=sun.util.calendar.ZoneInfo[id="GMT",offset=0,dstSavings=0,useDaylight=false,transitions=0,lastRule=null],firstDayOfWeek=1,minimalDaysInFirstWeek=1,ERA=1,YEAR=2022,MONTH=1,WEEK_OF_YEAR=6,WEEK_OF_MONTH=1,DAY_OF_MONTH=5,DAY_OF_YEAR=36,DAY_OF_WEEK=7,DAY_OF_WEEK_IN_MONTH=1,AM_PM=0,HOUR=5,HOUR_OF_DAY=5,MINUTE=36,SECOND=56,MILLISECOND=554,ZONE_OFFSET=0,DST_OFFSET=0]
220205 103656.658|INFO|Thread-6|dumpPacket|   key: CONTEST_IDENTIFIER is: java.lang.String Default--4957759304671347839
220205 103656.658|INFO|Thread-6|dumpPacket|   key: CATEGORY_LIST is: [Ledu.csus.ecs.pc2.core.model.Category; [Ledu.csus.ecs.pc2.core.model.Category;@6e18dc28
220205 103656.658|INFO|Thread-6|dumpPacket|   key: PROBLEM_DATA_FILES is: [Ledu.csus.ecs.pc2.core.model.ProblemDataFiles; [Ledu.csus.ecs.pc2.core.model.ProblemDataFiles;@7890734c
220205 103656.658|INFO|Thread-6|dumpPacket|   key: PROBLEM_LIST is: [Ledu.csus.ecs.pc2.core.model.Problem; [Ledu.csus.ecs.pc2.core.model.Problem;@10966c35
220205 103656.658|INFO|Thread-6|dumpPacket|   key: CLIENT_ID is: edu.csus.ecs.pc2.core.model.ClientId ADMINISTRATOR1 @ site 1
220205 103656.659|INFO|Thread-6|info|handlePacket start Packet[LOGIN_SUCCESS] #2 SERVER0 @ site 1 -> ADMINISTRATOR1 @ site 1
220205 103656.659|INFO|Thread-6|dumpPacket|Packet LOGIN_SUCCESS (Seq #2, o#2 ) handlePacket
220205 103656.659|INFO|Thread-6|dumpPacket|  From: SERVER0 @ site 1, oSERVER0 @ site 1 (DESKTOP-A2FRFRN @ 192.168.10.112) (Contest Id: Default--4957759304671347839)
220205 103656.659|INFO|Thread-6|dumpPacket|    To: ADMINISTRATOR1 @ site 1
220205 103656.659|INFO|Thread-6|dumpPacket|   key: JUDGEMENT_LIST is: [Ledu.csus.ecs.pc2.core.model.Judgement; [Ledu.csus.ecs.pc2.core.model.Judgement;@2abc284e
220205 103656.659|INFO|Thread-6|dumpPacket|   key: CLARIFICATION_LIST is: [Ledu.csus.ecs.pc2.core.model.Clarification; [Ledu.csus.ecs.pc2.core.model.Clarification;@247bc369
220205 103656.659|INFO|Thread-6|dumpPacket|   key: GENERAL_PROBLEM is: edu.csus.ecs.pc2.core.model.Problem General
220205 103656.660|INFO|Thread-6|dumpPacket|   key: LANGUAGE_LIST is: [Ledu.csus.ecs.pc2.core.model.Language; [Ledu.csus.ecs.pc2.core.model.Language;@2044433e
220205 103656.660|INFO|Thread-6|dumpPacket|   key: SITE_LIST is: [Ledu.csus.ecs.pc2.core.model.Site; [Ledu.csus.ecs.pc2.core.model.Site;@6546c952
220205 103656.660|INFO|Thread-6|dumpPacket|   key: GROUP_LIST is: [Ledu.csus.ecs.pc2.core.model.Group; [Ledu.csus.ecs.pc2.core.model.Group;@2ef363ec
220205 103656.660|INFO|Thread-6|dumpPacket|   key: CONTEST_TIME_LIST is: [Ledu.csus.ecs.pc2.core.model.ContestTime; [Ledu.csus.ecs.pc2.core.model.ContestTime;@54698dd0
220205 103656.660|INFO|Thread-6|dumpPacket|   key: CONTEST_INFORMATION is: edu.csus.ecs.pc2.core.model.ContestInformation edu.csus.ecs.pc2.core.model.ContestInformation@563679d0
220205 103656.660|INFO|Thread-6|dumpPacket|   key: CONTEST_TIME is: edu.csus.ecs.pc2.core.model.ContestTime edu.csus.ecs.pc2.core.model.ContestTime@569361d
220205 103656.660|INFO|Thread-6|dumpPacket|   key: CONNECTION_HANDLE_ID_LIST is: [Ledu.csus.ecs.pc2.core.transport.ConnectionHandlerID; [Ledu.csus.ecs.pc2.core.transport.ConnectionHandlerID;@3030c95f
220205 103656.660|INFO|Thread-6|dumpPacket|   key: REMOTE_LOGGED_IN_USERS is: [Ledu.csus.ecs.pc2.core.model.ClientId; [Ledu.csus.ecs.pc2.core.model.ClientId;@28afc584
220205 103656.661|INFO|Thread-6|dumpPacket|   key: BALLOON_SETTINGS_LIST is: [Ledu.csus.ecs.pc2.core.model.BalloonSettings; [Ledu.csus.ecs.pc2.core.model.BalloonSettings;@4d32d1b8
220205 103656.661|INFO|Thread-6|dumpPacket|   key: PROFILE is: edu.csus.ecs.pc2.core.model.Profile Default--371320631774289143
220205 103656.661|INFO|Thread-6|dumpPacket|   key: RUN_LIST is: [Ledu.csus.ecs.pc2.core.model.Run; [Ledu.csus.ecs.pc2.core.model.Run;@127cfdd
220205 103656.661|INFO|Thread-6|dumpPacket|   key: PROFILE_LIST is: [Ledu.csus.ecs.pc2.core.model.Profile; [Ledu.csus.ecs.pc2.core.model.Profile;@37eb8497
220205 103656.661|INFO|Thread-6|dumpPacket|   key: LOCAL_LOGGED_IN_USERS is: [Ledu.csus.ecs.pc2.core.model.ClientId; [Ledu.csus.ecs.pc2.core.model.ClientId;@61bef40b
220205 103656.661|INFO|Thread-6|dumpPacket|   key: ACCOUNT_ARRAY is: [Ledu.csus.ecs.pc2.core.model.Account; [Ledu.csus.ecs.pc2.core.model.Account;@3a5a5695
220205 103656.661|INFO|Thread-6|dumpPacket|   key: CLIENT_SETTINGS_LIST is: [Ledu.csus.ecs.pc2.core.model.ClientSettings; [Ledu.csus.ecs.pc2.core.model.ClientSettings;@53c2f24
220205 103656.661|INFO|Thread-6|dumpPacket|   key: SITE_NUMBER is: java.lang.Integer 1
220205 103656.662|INFO|Thread-6|dumpPacket|   key: SERVER_CLOCK_OFFSET is: java.util.GregorianCalendar java.util.GregorianCalendar[time=1644039416554,areFieldsSet=true,areAllFieldsSet=false,lenient=true,zone=sun.util.calendar.ZoneInfo[id="GMT",offset=0,dstSavings=0,useDaylight=false,transitions=0,lastRule=null],firstDayOfWeek=1,minimalDaysInFirstWeek=1,ERA=1,YEAR=2022,MONTH=1,WEEK_OF_YEAR=6,WEEK_OF_MONTH=1,DAY_OF_MONTH=5,DAY_OF_YEAR=36,DAY_OF_WEEK=7,DAY_OF_WEEK_IN_MONTH=1,AM_PM=0,HOUR=5,HOUR_OF_DAY=5,MINUTE=36,SECOND=56,MILLISECOND=554,ZONE_OFFSET=0,DST_OFFSET=0]
220205 103656.662|INFO|Thread-6|dumpPacket|   key: CONTEST_IDENTIFIER is: java.lang.String Default--4957759304671347839
220205 103656.662|INFO|Thread-6|dumpPacket|   key: CATEGORY_LIST is: [Ledu.csus.ecs.pc2.core.model.Category; [Ledu.csus.ecs.pc2.core.model.Category;@6e18dc28
220205 103656.662|INFO|Thread-6|dumpPacket|   key: PROBLEM_DATA_FILES is: [Ledu.csus.ecs.pc2.core.model.ProblemDataFiles; [Ledu.csus.ecs.pc2.core.model.ProblemDataFiles;@7890734c
220205 103656.662|INFO|Thread-6|dumpPacket|   key: PROBLEM_LIST is: [Ledu.csus.ecs.pc2.core.model.Problem; [Ledu.csus.ecs.pc2.core.model.Problem;@10966c35
220205 103656.662|INFO|Thread-6|dumpPacket|   key: CLIENT_ID is: edu.csus.ecs.pc2.core.model.ClientId ADMINISTRATOR1 @ site 1
220205 103802.427|CONFIG|AWT-EventQueue-0|setFileHandlers|Now logging to D:\pc2-9.7.0-6181\pc2-9.7.0\bin\logs directory.
220205 103802.428|INFO|AWT-EventQueue-0|info|
220205 103802.428|INFO|AWT-EventQueue-0|info|Version 9.7.0 20210317 (Wednesday, March 17th 2021 06:30 UTC) Java ver 1.8.0_311 build 6181 Windows 10 10.0 (amd64) 
220205 103802.428|INFO|AWT-EventQueue-0|info|Login: root (aka administrator1)
220205 103802.428|INFO|AWT-EventQueue-0|startLog|Working directory is D:\pc2-9.7.0-6181\pc2-9.7.0\bin
220205 103802.429|INFO|AWT-EventQueue-0|startLog|Process id is 10772@DESKTOP-A2FRFRN
220205 103802.429|INFO|AWT-EventQueue-0|info|Contacting server at localhost:50002 as ADMINISTRATOR1 @ site 0
220205 103802.429|INFO|AWT-EventQueue-0|info|sendLoginRequest start - sending from ADMINISTRATOR1 @ site 0
220205 103802.435|INFO|AWT-EventQueue-0|sendToLocalServer|Sending packet to server Packet[LOGIN_REQUEST] #1 ADMINISTRATOR1 @ site 0 -> SERVER0 @ site 0
220205 103802.436|INFO|Thread-4|run|send(Serializable)
220205 103802.437|INFO|AWT-EventQueue-0|sendToLocalServer|Sent    packet to server Packet[LOGIN_REQUEST] #1 ADMINISTRATOR1 @ site 0 -> SERVER0 @ site 0
220205 103802.438|INFO|AWT-EventQueue-0|info|sendLoginRequest end - packet sent.
220205 103802.480|INFO|Thread-1|receive|public void receive(SealedObject TransportPacket, ConnectionHandlerID connectionHandlerID)
220205 103802.498|INFO|Thread-5|info| receiveObject(S) start got Packet[LOGIN] #8 SERVER0 @ site 1 -> SERVER0 @ site 0
220205 103802.498|INFO|Thread-1|receive|public void receive(SealedObject TransportPacket, ConnectionHandlerID connectionHandlerID)
220205 103802.499|INFO|Thread-5|dumpPacket|Packet LOGIN (Seq #8, o#8 ) recieveObject
220205 103802.499|INFO|Thread-5|dumpPacket|  From: SERVER0 @ site 1, oSERVER0 @ site 1 (DESKTOP-A2FRFRN @ 192.168.10.112) (Contest Id: Default--4957759304671347839)
220205 103802.499|INFO|Thread-5|dumpPacket|    To: SERVER0 @ site 0
220205 103802.499|INFO|Thread-5|dumpPacket|   key: CLIENT_SETTINGS is: edu.csus.ecs.pc2.core.model.ClientSettings edu.csus.ecs.pc2.core.model.ClientSettings@36978c48
220205 103802.501|INFO|Thread-5|dumpPacket|   key: CONNECTION_HANDLE_ID is: edu.csus.ecs.pc2.core.transport.ConnectionHandlerID Socket[addr=/127.0.0.1,port=59418,localport=50002]--7364301271542931533
220205 103802.501|INFO|Thread-5|dumpPacket|   key: CLIENT_ID is: edu.csus.ecs.pc2.core.model.ClientId ADMINISTRATOR1 @ site 1
220205 103802.501|INFO|Thread-5|info|handlePacket start Packet[LOGIN] #8 SERVER0 @ site 1 -> SERVER0 @ site 0
220205 103802.502|INFO|Thread-5|dumpPacket|Packet LOGIN (Seq #8, o#8 ) handlePacket
220205 103802.502|INFO|Thread-5|dumpPacket|  From: SERVER0 @ site 1, oSERVER0 @ site 1 (DESKTOP-A2FRFRN @ 192.168.10.112) (Contest Id: Default--4957759304671347839)
220205 103802.502|INFO|Thread-5|dumpPacket|    To: SERVER0 @ site 0
220205 103802.502|INFO|Thread-5|dumpPacket|   key: CLIENT_SETTINGS is: edu.csus.ecs.pc2.core.model.ClientSettings edu.csus.ecs.pc2.core.model.ClientSettings@36978c48
220205 103802.509|INFO|Thread-5|dumpPacket|   key: CONNECTION_HANDLE_ID is: edu.csus.ecs.pc2.core.transport.ConnectionHandlerID Socket[addr=/127.0.0.1,port=59418,localport=50002]--7364301271542931533
220205 103802.510|INFO|Thread-5|dumpPacket|   key: CLIENT_ID is: edu.csus.ecs.pc2.core.model.ClientId ADMINISTRATOR1 @ site 1
220205 103802.521|INFO|Thread-5|info|Note: got a LOGIN packet before this site was logged in Packet[LOGIN] #8 SERVER0 @ site 1 -> SERVER0 @ site 0
220205 103802.522|INFO|Thread-5|info|handlePacket end Packet[LOGIN] #8 SERVER0 @ site 1 -> SERVER0 @ site 0
220205 103802.522|INFO|Thread-5|info| receiveObject(S) end   got Packet[LOGIN] #8 SERVER0 @ site 1 -> SERVER0 @ site 0
220205 103802.562|INFO|Thread-6|info| receiveObject(S) start got Packet[LOGIN_SUCCESS] #7 SERVER0 @ site 1 -> ADMINISTRATOR1 @ site 1
220205 103802.562|INFO|Thread-6|dumpPacket|Packet LOGIN_SUCCESS (Seq #7, o#7 ) recieveObject
220205 103802.562|INFO|Thread-6|dumpPacket|  From: SERVER0 @ site 1, oSERVER0 @ site 1 (DESKTOP-A2FRFRN @ 192.168.10.112) (Contest Id: Default--4957759304671347839)
220205 103802.562|INFO|Thread-6|dumpPacket|    To: ADMINISTRATOR1 @ site 1
220205 103802.563|INFO|Thread-6|dumpPacket|   key: JUDGEMENT_LIST is: [Ledu.csus.ecs.pc2.core.model.Judgement; [Ledu.csus.ecs.pc2.core.model.Judgement;@63e1ac9
220205 103802.563|INFO|Thread-6|dumpPacket|   key: CLARIFICATION_LIST is: [Ledu.csus.ecs.pc2.core.model.Clarification; [Ledu.csus.ecs.pc2.core.model.Clarification;@8f9f47e
220205 103802.563|INFO|Thread-6|dumpPacket|   key: GENERAL_PROBLEM is: edu.csus.ecs.pc2.core.model.Problem General
220205 103802.563|INFO|Thread-6|dumpPacket|   key: LANGUAGE_LIST is: [Ledu.csus.ecs.pc2.core.model.Language; [Ledu.csus.ecs.pc2.core.model.Language;@cc671b9
220205 103802.563|INFO|Thread-6|dumpPacket|   key: SITE_LIST is: [Ledu.csus.ecs.pc2.core.model.Site; [Ledu.csus.ecs.pc2.core.model.Site;@49c4fe45
220205 103802.563|INFO|Thread-6|dumpPacket|   key: GROUP_LIST is: [Ledu.csus.ecs.pc2.core.model.Group; [Ledu.csus.ecs.pc2.core.model.Group;@3f5a4de6
220205 103802.564|INFO|Thread-6|dumpPacket|   key: CONTEST_TIME_LIST is: [Ledu.csus.ecs.pc2.core.model.ContestTime; [Ledu.csus.ecs.pc2.core.model.ContestTime;@78c71477
220205 103802.564|INFO|Thread-6|dumpPacket|   key: CONTEST_INFORMATION is: edu.csus.ecs.pc2.core.model.ContestInformation edu.csus.ecs.pc2.core.model.ContestInformation@47b3f96f
220205 103802.564|INFO|Thread-6|dumpPacket|   key: CONTEST_TIME is: edu.csus.ecs.pc2.core.model.ContestTime edu.csus.ecs.pc2.core.model.ContestTime@29eb010a
220205 103802.564|INFO|Thread-6|dumpPacket|   key: CONNECTION_HANDLE_ID_LIST is: [Ledu.csus.ecs.pc2.core.transport.ConnectionHandlerID; [Ledu.csus.ecs.pc2.core.transport.ConnectionHandlerID;@44335cac
220205 103802.564|INFO|Thread-6|dumpPacket|   key: REMOTE_LOGGED_IN_USERS is: [Ledu.csus.ecs.pc2.core.model.ClientId; [Ledu.csus.ecs.pc2.core.model.ClientId;@4979cf1
220205 103802.564|INFO|Thread-6|dumpPacket|   key: BALLOON_SETTINGS_LIST is: [Ledu.csus.ecs.pc2.core.model.BalloonSettings; [Ledu.csus.ecs.pc2.core.model.BalloonSettings;@5cb7758d
220205 103802.564|INFO|Thread-6|dumpPacket|   key: PROFILE is: edu.csus.ecs.pc2.core.model.Profile Default--371320631774289143
220205 103802.564|INFO|Thread-6|dumpPacket|   key: RUN_LIST is: [Ledu.csus.ecs.pc2.core.model.Run; [Ledu.csus.ecs.pc2.core.model.Run;@2da5dc40
220205 103802.565|INFO|Thread-6|dumpPacket|   key: PROFILE_LIST is: [Ledu.csus.ecs.pc2.core.model.Profile; [Ledu.csus.ecs.pc2.core.model.Profile;@73ad3364
220205 103802.565|INFO|Thread-6|dumpPacket|   key: LOCAL_LOGGED_IN_USERS is: [Ledu.csus.ecs.pc2.core.model.ClientId; [Ledu.csus.ecs.pc2.core.model.ClientId;@4be549f4
220205 103802.565|INFO|Thread-6|dumpPacket|   key: ACCOUNT_ARRAY is: [Ledu.csus.ecs.pc2.core.model.Account; [Ledu.csus.ecs.pc2.core.model.Account;@2c995618
220205 103802.565|INFO|Thread-6|dumpPacket|   key: CLIENT_SETTINGS_LIST is: [Ledu.csus.ecs.pc2.core.model.ClientSettings; [Ledu.csus.ecs.pc2.core.model.ClientSettings;@2fddd817
220205 103802.565|INFO|Thread-6|dumpPacket|   key: SITE_NUMBER is: java.lang.Integer 1
220205 103802.565|INFO|Thread-6|dumpPacket|   key: SERVER_CLOCK_OFFSET is: java.util.GregorianCalendar java.util.GregorianCalendar[time=1644039482468,areFieldsSet=true,areAllFieldsSet=false,lenient=true,zone=sun.util.calendar.ZoneInfo[id="GMT",offset=0,dstSavings=0,useDaylight=false,transitions=0,lastRule=null],firstDayOfWeek=1,minimalDaysInFirstWeek=1,ERA=1,YEAR=2022,MONTH=1,WEEK_OF_YEAR=6,WEEK_OF_MONTH=1,DAY_OF_MONTH=5,DAY_OF_YEAR=36,DAY_OF_WEEK=7,DAY_OF_WEEK_IN_MONTH=1,AM_PM=0,HOUR=5,HOUR_OF_DAY=5,MINUTE=38,SECOND=2,MILLISECOND=468,ZONE_OFFSET=0,DST_OFFSET=0]
220205 103802.565|INFO|Thread-6|dumpPacket|   key: CONTEST_IDENTIFIER is: java.lang.String Default--4957759304671347839
220205 103802.566|INFO|Thread-6|dumpPacket|   key: CATEGORY_LIST is: [Ledu.csus.ecs.pc2.core.model.Category; [Ledu.csus.ecs.pc2.core.model.Category;@3571e89b
220205 103802.566|INFO|Thread-6|dumpPacket|   key: PROBLEM_DATA_FILES is: [Ledu.csus.ecs.pc2.core.model.ProblemDataFiles; [Ledu.csus.ecs.pc2.core.model.ProblemDataFiles;@543aad28
220205 103802.566|INFO|Thread-6|dumpPacket|   key: PROBLEM_LIST is: [Ledu.csus.ecs.pc2.core.model.Problem; [Ledu.csus.ecs.pc2.core.model.Problem;@32750821
220205 103802.566|INFO|Thread-6|dumpPacket|   key: CLIENT_ID is: edu.csus.ecs.pc2.core.model.ClientId ADMINISTRATOR1 @ site 1
220205 103802.566|INFO|Thread-6|info|handlePacket start Packet[LOGIN_SUCCESS] #7 SERVER0 @ site 1 -> ADMINISTRATOR1 @ site 1
220205 103802.566|INFO|Thread-6|dumpPacket|Packet LOGIN_SUCCESS (Seq #7, o#7 ) handlePacket
220205 103802.566|INFO|Thread-6|dumpPacket|  From: SERVER0 @ site 1, oSERVER0 @ site 1 (DESKTOP-A2FRFRN @ 192.168.10.112) (Contest Id: Default--4957759304671347839)
220205 103802.567|INFO|Thread-6|dumpPacket|    To: ADMINISTRATOR1 @ site 1
220205 103802.567|INFO|Thread-6|dumpPacket|   key: JUDGEMENT_LIST is: [Ledu.csus.ecs.pc2.core.model.Judgement; [Ledu.csus.ecs.pc2.core.model.Judgement;@63e1ac9
220205 103802.567|INFO|Thread-6|dumpPacket|   key: CLARIFICATION_LIST is: [Ledu.csus.ecs.pc2.core.model.Clarification; [Ledu.csus.ecs.pc2.core.model.Clarification;@8f9f47e
220205 103802.567|INFO|Thread-6|dumpPacket|   key: GENERAL_PROBLEM is: edu.csus.ecs.pc2.core.model.Problem General
220205 103802.567|INFO|Thread-6|dumpPacket|   key: LANGUAGE_LIST is: [Ledu.csus.ecs.pc2.core.model.Language; [Ledu.csus.ecs.pc2.core.model.Language;@cc671b9
220205 103802.567|INFO|Thread-6|dumpPacket|   key: SITE_LIST is: [Ledu.csus.ecs.pc2.core.model.Site; [Ledu.csus.ecs.pc2.core.model.Site;@49c4fe45
220205 103802.567|INFO|Thread-6|dumpPacket|   key: GROUP_LIST is: [Ledu.csus.ecs.pc2.core.model.Group; [Ledu.csus.ecs.pc2.core.model.Group;@3f5a4de6
220205 103802.568|INFO|Thread-6|dumpPacket|   key: CONTEST_TIME_LIST is: [Ledu.csus.ecs.pc2.core.model.ContestTime; [Ledu.csus.ecs.pc2.core.model.ContestTime;@78c71477
220205 103802.568|INFO|Thread-6|dumpPacket|   key: CONTEST_INFORMATION is: edu.csus.ecs.pc2.core.model.ContestInformation edu.csus.ecs.pc2.core.model.ContestInformation@47b3f96f
220205 103802.568|INFO|Thread-6|dumpPacket|   key: CONTEST_TIME is: edu.csus.ecs.pc2.core.model.ContestTime edu.csus.ecs.pc2.core.model.ContestTime@29eb010a
220205 103802.568|INFO|Thread-6|dumpPacket|   key: CONNECTION_HANDLE_ID_LIST is: [Ledu.csus.ecs.pc2.core.transport.ConnectionHandlerID; [Ledu.csus.ecs.pc2.core.transport.ConnectionHandlerID;@44335cac
220205 103802.568|INFO|Thread-6|dumpPacket|   key: REMOTE_LOGGED_IN_USERS is: [Ledu.csus.ecs.pc2.core.model.ClientId; [Ledu.csus.ecs.pc2.core.model.ClientId;@4979cf1
220205 103802.568|INFO|Thread-6|dumpPacket|   key: BALLOON_SETTINGS_LIST is: [Ledu.csus.ecs.pc2.core.model.BalloonSettings; [Ledu.csus.ecs.pc2.core.model.BalloonSettings;@5cb7758d
220205 103802.568|INFO|Thread-6|dumpPacket|   key: PROFILE is: edu.csus.ecs.pc2.core.model.Profile Default--371320631774289143
220205 103802.568|INFO|Thread-6|dumpPacket|   key: RUN_LIST is: [Ledu.csus.ecs.pc2.core.model.Run; [Ledu.csus.ecs.pc2.core.model.Run;@2da5dc40
220205 103802.569|INFO|Thread-6|dumpPacket|   key: PROFILE_LIST is: [Ledu.csus.ecs.pc2.core.model.Profile; [Ledu.csus.ecs.pc2.core.model.Profile;@73ad3364
220205 103802.569|INFO|Thread-6|dumpPacket|   key: LOCAL_LOGGED_IN_USERS is: [Ledu.csus.ecs.pc2.core.model.ClientId; [Ledu.csus.ecs.pc2.core.model.ClientId;@4be549f4
220205 103802.569|INFO|Thread-6|dumpPacket|   key: ACCOUNT_ARRAY is: [Ledu.csus.ecs.pc2.core.model.Account; [Ledu.csus.ecs.pc2.core.model.Account;@2c995618
220205 103802.569|INFO|Thread-6|dumpPacket|   key: CLIENT_SETTINGS_LIST is: [Ledu.csus.ecs.pc2.core.model.ClientSettings; [Ledu.csus.ecs.pc2.core.model.ClientSettings;@2fddd817
220205 103802.569|INFO|Thread-6|dumpPacket|   key: SITE_NUMBER is: java.lang.Integer 1
220205 103802.569|INFO|Thread-6|dumpPacket|   key: SERVER_CLOCK_OFFSET is: java.util.GregorianCalendar java.util.GregorianCalendar[time=1644039482468,areFieldsSet=true,areAllFieldsSet=false,lenient=true,zone=sun.util.calendar.ZoneInfo[id="GMT",offset=0,dstSavings=0,useDaylight=false,transitions=0,lastRule=null],firstDayOfWeek=1,minimalDaysInFirstWeek=1,ERA=1,YEAR=2022,MONTH=1,WEEK_OF_YEAR=6,WEEK_OF_MONTH=1,DAY_OF_MONTH=5,DAY_OF_YEAR=36,DAY_OF_WEEK=7,DAY_OF_WEEK_IN_MONTH=1,AM_PM=0,HOUR=5,HOUR_OF_DAY=5,MINUTE=38,SECOND=2,MILLISECOND=468,ZONE_OFFSET=0,DST_OFFSET=0]
220205 103802.569|INFO|Thread-6|dumpPacket|   key: CONTEST_IDENTIFIER is: java.lang.String Default--4957759304671347839
220205 103802.569|INFO|Thread-6|dumpPacket|   key: CATEGORY_LIST is: [Ledu.csus.ecs.pc2.core.model.Category; [Ledu.csus.ecs.pc2.core.model.Category;@3571e89b
220205 103802.569|INFO|Thread-6|dumpPacket|   key: PROBLEM_DATA_FILES is: [Ledu.csus.ecs.pc2.core.model.ProblemDataFiles; [Ledu.csus.ecs.pc2.core.model.ProblemDataFiles;@543aad28
220205 103802.570|INFO|Thread-6|dumpPacket|   key: PROBLEM_LIST is: [Ledu.csus.ecs.pc2.core.model.Problem; [Ledu.csus.ecs.pc2.core.model.Problem;@32750821
220205 103802.570|INFO|Thread-6|dumpPacket|   key: CLIENT_ID is: edu.csus.ecs.pc2.core.model.ClientId ADMINISTRATOR1 @ site 1
220205 103829.947|INFO|Thread-1|receive|public void receive(SealedObject TransportPacket, ConnectionHandlerID connectionHandlerID)
220205 104038.739|CONFIG|AWT-EventQueue-0|setFileHandlers|Now logging to D:\pc2-9.7.0-6181\pc2-9.7.0\bin\logs directory.
220205 104038.739|INFO|AWT-EventQueue-0|info|
220205 104038.740|INFO|AWT-EventQueue-0|info|Version 9.7.0 20210317 (Wednesday, March 17th 2021 06:30 UTC) Java ver 1.8.0_311 build 6181 Windows 10 10.0 (amd64) 
220205 104038.740|INFO|AWT-EventQueue-0|info|Login: root (aka administrator1)
220205 104038.740|INFO|AWT-EventQueue-0|startLog|Working directory is D:\pc2-9.7.0-6181\pc2-9.7.0\bin
220205 104038.741|INFO|AWT-EventQueue-0|startLog|Process id is 13748@DESKTOP-A2FRFRN
220205 104038.742|INFO|AWT-EventQueue-0|info|Contacting server at localhost:50002 as ADMINISTRATOR1 @ site 0
220205 104038.742|INFO|AWT-EventQueue-0|info|sendLoginRequest start - sending from ADMINISTRATOR1 @ site 0
220205 104038.749|INFO|AWT-EventQueue-0|sendToLocalServer|Sending packet to server Packet[LOGIN_REQUEST] #1 ADMINISTRATOR1 @ site 0 -> SERVER0 @ site 0
220205 104038.750|INFO|Thread-4|run|send(Serializable)
220205 104038.752|INFO|AWT-EventQueue-0|sendToLocalServer|Sent    packet to server Packet[LOGIN_REQUEST] #1 ADMINISTRATOR1 @ site 0 -> SERVER0 @ site 0
220205 104038.752|INFO|AWT-EventQueue-0|info|sendLoginRequest end - packet sent.
220205 104038.786|INFO|Thread-1|receive|public void receive(SealedObject TransportPacket, ConnectionHandlerID connectionHandlerID)
220205 104038.794|INFO|Thread-5|info| receiveObject(S) start got Packet[LOGIN_FAILED] #15 SERVER0 @ site 1 -> ADMINISTRATOR1 @ site 0
220205 104038.795|INFO|Thread-5|dumpPacket|Packet LOGIN_FAILED (Seq #15, o#15 ) recieveObject
220205 104038.795|INFO|Thread-5|dumpPacket|  From: SERVER0 @ site 1, oSERVER0 @ site 1 (DESKTOP-A2FRFRN @ 192.168.10.112) (Contest Id: Default--4957759304671347839)
220205 104038.795|INFO|Thread-5|dumpPacket|    To: ADMINISTRATOR1 @ site 0
220205 104038.796|INFO|Thread-5|dumpPacket|   key: MESSAGE_STRING is: java.lang.String Invalid password
220205 104038.796|INFO|Thread-5|info|handlePacket start Packet[LOGIN_FAILED] #15 SERVER0 @ site 1 -> ADMINISTRATOR1 @ site 0
220205 104038.796|INFO|Thread-5|dumpPacket|Packet LOGIN_FAILED (Seq #15, o#15 ) handlePacket
220205 104038.796|INFO|Thread-5|dumpPacket|  From: SERVER0 @ site 1, oSERVER0 @ site 1 (DESKTOP-A2FRFRN @ 192.168.10.112) (Contest Id: Default--4957759304671347839)
220205 104038.797|INFO|Thread-5|dumpPacket|    To: ADMINISTRATOR1 @ site 0
220205 104038.797|INFO|Thread-5|dumpPacket|   key: MESSAGE_STRING is: java.lang.String Invalid password
220205 104040.516|INFO|Thread-5|info| receiveObject(S) end   got Packet[LOGIN_FAILED] #15 SERVER0 @ site 1 -> ADMINISTRATOR1 @ site 0
