220201 222653.063|CONFIG|main|setFileHandlers|Now logging to D:\pc2-9.7.0-6181\pc2-9.7.0\bin\logs directory.
220201 222653.065|INFO|main|info|
220201 222653.070|INFO|main|info|Version 9.7.0 20210317 (Wednesday, March 17th 2021 06:30 UTC) Java ver 1.8.0_311 build 6181 Windows 10 10.0 (amd64) 
220201 222653.070|INFO|main|startLog|Working directory is D:\pc2-9.7.0-6181\pc2-9.7.0\bin
220201 222653.087|INFO|main|startLog|Process id is 10928@DESKTOP-A2FRFRN
220201 222653.088|INFO|main|start|Starting ConnectionManager...
220201 222653.402|INFO|main|start|Started ConnectionManager
220201 222653.405|INFO|main|setClientServerAndPort|INIFile File location: file:/D:/pc2-9.7.0-6181/pc2-9.7.0/bin/pc2v9.ini
220201 222653.406|INFO|main|setClientServerAndPort|setClientServerAndPort 192.168.247.135 parsed as 192.168.247.135 port 50002
220201 222653.407|INFO|main|info|Contacting server at 192.168.247.135:50002
220201 222653.407|INFO|main|connectToMyServer|Connecting to 192.168.247.135:50002
220201 222653.605|INFO|Thread-1|receiveUnencrypted|receiveUnencrypted(TransportWrapper, ConnectionHandlerID=Socket[addr=/192.168.247.135,port=50002,localport=49534]--4494298271449029130)
220201 222653.692|FINER|main|info|FrameUtilities.loadAndVerifyImageFile(): searching for image file 'images/PC2Logo.png' in jar files
220201 222653.693|FINER|main|info|FrameUtilities.loadAndVerifyImageFile(): found image file 'images/PC2Logo.png' at URL 'jar:file:/D:/pc2-9.7.0-6181/pc2-9.7.0/lib/pc2.jar!/images/PC2Logo.png'
220201 222653.693|FINER|main|info|FrameUtilities.loadAndVerifyImageFile(): found image file 'images/PC2Logo.png'; verifying checksum
220201 222654.014|INFO|Thread-1|receiveUnencrypted|receiveUnencrypted Made a secret key for Socket[addr=/192.168.247.135,port=50002,localport=49534]--4494298271449029130 key is com.sun.crypto.provider.DESKey@fffe7969
220201 222654.014|INFO|Thread-1|getPublicKeyPacket|Generating Unencrypted Public Key Packet
220201 222654.016|INFO|Thread-1|getPublicKeyPacket|checking key:= SunJCE Diffie-Hellman Public Key:
y:
    a781d243 764e7bd9 fcf60050 b23dfe30 3411b680 f077bc2a f21d0262 b290c230
    ee12cfa6 dd9e629a bc1687df 25f2164b 31d4d7c2 1b273ff3 97392b18 be94aee7
    56b6b3be c71bf25e b47c12b8 a95426aa f33cff5d c4ff6090 c75af967 ae993cc0
    68a9b371 e3ee123a 538573fb b2a279ca e4203658 78df5b09 518a2eba 02699b1c
p:
    f488fd58 4e49dbcd 20b49de4 9107366b 336c380d 451d0f7c 88b31c7c 5b2d8ef6
    f3c923c0 43f0a55b 188d8ebb 558cb85d 38d334fd 7c175743 a31d186c de33212c
    b52aff3c e1b12940 18118d7c 84a70a72 d686c403 19c80729 7aca950c d9969fab
    d00a509b 0246d308 3d66a45d 419f9c7c bd894b22 1926baab a25ec355 e92f78c7
g:
    02
l:
    512
220201 222654.016|INFO|Thread-1|getPublicKeyPacket|packet:= edu.csus.ecs.pc2.core.transport.TransportWrapper@102ba65b
220201 222654.265|FINER|main|info|FrameUtilities.loadAndVerifyImageFile(): searching for image file 'images/csus_logo.png' in jar files
220201 222654.265|FINER|main|info|FrameUtilities.loadAndVerifyImageFile(): found image file 'images/csus_logo.png' at URL 'jar:file:/D:/pc2-9.7.0-6181/pc2-9.7.0/lib/pc2.jar!/images/csus_logo.png'
220201 222654.266|FINER|main|info|FrameUtilities.loadAndVerifyImageFile(): found image file 'images/csus_logo.png'; verifying checksum
220201 222654.270|FINER|main|info|FrameUtilities.loadAndVerifyImageFile(): searching for image file 'images/ICPCWebMast_small.png' in jar files
220201 222654.270|FINER|main|info|FrameUtilities.loadAndVerifyImageFile(): found image file 'images/ICPCWebMast_small.png' at URL 'jar:file:/D:/pc2-9.7.0-6181/pc2-9.7.0/lib/pc2.jar!/images/ICPCWebMast_small.png'
220201 222654.271|FINER|main|info|FrameUtilities.loadAndVerifyImageFile(): found image file 'images/ICPCWebMast_small.png'; verifying checksum
