220201 220526.850|CONFIG|main|setFileHandlers|Now logging to D:\pc2-9.7.0-6181\pc2-9.7.0\bin\logs directory.
220201 220526.852|INFO|main|info|
220201 220526.858|INFO|main|info|Version 9.7.0 20210317 (Wednesday, March 17th 2021 06:30 UTC) Java ver 1.8.0_311 build 6181 Windows 10 10.0 (amd64) 
220201 220526.859|INFO|main|startLog|Working directory is D:\pc2-9.7.0-6181\pc2-9.7.0\bin
220201 220526.876|INFO|main|startLog|Process id is 8776@DESKTOP-A2FRFRN
220201 220526.876|INFO|main|start|Starting ConnectionManager...
220201 220527.196|INFO|main|start|Started ConnectionManager
220201 220527.199|INFO|main|setClientServerAndPort|INIFile File location: file:/D:/pc2-9.7.0-6181/pc2-9.7.0/bin/pc2v9.ini
220201 220527.200|INFO|main|setClientServerAndPort|setClientServerAndPort localhost parsed as localhost port 50002
220201 220527.200|INFO|main|info|Contacting server at localhost:50002
220201 220527.201|INFO|main|connectToMyServer|Connecting to localhost:50002
220201 220527.279|INFO|Thread-1|receiveUnencrypted|receiveUnencrypted(TransportWrapper, ConnectionHandlerID=Socket[addr=localhost/127.0.0.1,port=50002,localport=57407]-4301170017099390068)
220201 220527.375|FINER|main|info|FrameUtilities.loadAndVerifyImageFile(): searching for image file 'images/PC2Logo.png' in jar files
220201 220527.376|FINER|main|info|FrameUtilities.loadAndVerifyImageFile(): found image file 'images/PC2Logo.png' at URL 'jar:file:/D:/pc2-9.7.0-6181/pc2-9.7.0/lib/pc2.jar!/images/PC2Logo.png'
220201 220527.376|FINER|main|info|FrameUtilities.loadAndVerifyImageFile(): found image file 'images/PC2Logo.png'; verifying checksum
220201 220527.695|INFO|Thread-1|receiveUnencrypted|receiveUnencrypted Made a secret key for Socket[addr=localhost/127.0.0.1,port=50002,localport=57407]-4301170017099390068 key is com.sun.crypto.provider.DESKey@18630
220201 220527.695|INFO|Thread-1|getPublicKeyPacket|Generating Unencrypted Public Key Packet
220201 220527.696|INFO|Thread-1|getPublicKeyPacket|checking key:= SunJCE Diffie-Hellman Public Key:
y:
    3d2fe137 3d059b1e 03309977 fa0b913c 5285035c d3a0d04b 18dcf260 4f4bbb3d
    92956629 7ed3d054 fb30bde3 af69be77 d8d6019c 6e4258a6 7b7e6d1a 3ae69fec
    744bba94 729a0f62 80fb6e21 7207889b 7503aedd a595335e e788a537 c2741cb1
    00dfc72f 1ba4f403 b6db539c 8054aaa8 4acb331e 819af17d cf969bb5 ef34c20a
p:
    f488fd58 4e49dbcd 20b49de4 9107366b 336c380d 451d0f7c 88b31c7c 5b2d8ef6
    f3c923c0 43f0a55b 188d8ebb 558cb85d 38d334fd 7c175743 a31d186c de33212c
    b52aff3c e1b12940 18118d7c 84a70a72 d686c403 19c80729 7aca950c d9969fab
    d00a509b 0246d308 3d66a45d 419f9c7c bd894b22 1926baab a25ec355 e92f78c7
g:
    02
l:
    512
220201 220527.697|INFO|Thread-1|getPublicKeyPacket|packet:= edu.csus.ecs.pc2.core.transport.TransportWrapper@2d7c888e
220201 220527.937|FINER|main|info|FrameUtilities.loadAndVerifyImageFile(): searching for image file 'images/csus_logo.png' in jar files
220201 220527.938|FINER|main|info|FrameUtilities.loadAndVerifyImageFile(): found image file 'images/csus_logo.png' at URL 'jar:file:/D:/pc2-9.7.0-6181/pc2-9.7.0/lib/pc2.jar!/images/csus_logo.png'
220201 220527.938|FINER|main|info|FrameUtilities.loadAndVerifyImageFile(): found image file 'images/csus_logo.png'; verifying checksum
220201 220527.941|FINER|main|info|FrameUtilities.loadAndVerifyImageFile(): searching for image file 'images/ICPCWebMast_small.png' in jar files
220201 220527.942|FINER|main|info|FrameUtilities.loadAndVerifyImageFile(): found image file 'images/ICPCWebMast_small.png' at URL 'jar:file:/D:/pc2-9.7.0-6181/pc2-9.7.0/lib/pc2.jar!/images/ICPCWebMast_small.png'
220201 220527.942|FINER|main|info|FrameUtilities.loadAndVerifyImageFile(): found image file 'images/ICPCWebMast_small.png'; verifying checksum
220201 221049.929|INFO|Thread-1|receive|SocketException in receive for Socket[addr=localhost/127.0.0.1,port=50002,localport=57407]-4301170017099390068
|java.net.SocketException: Connection reset
|    at java.net.SocketInputStream.read (Unknown Source)
|    at java.net.SocketInputStream.read (Unknown Source)
|    at java.net.SocketInputStream.read (Unknown Source)
|    at java.io.ObjectInputStream$PeekInputStream.peek (Unknown Source)
|    at java.io.ObjectInputStream$BlockDataInputStream.peek (Unknown Source)
|    at java.io.ObjectInputStream$BlockDataInputStream.peekByte (Unknown Source)
|    at java.io.ObjectInputStream.readObject0 (Unknown Source)
|    at java.io.ObjectInputStream.readObject (Unknown Source)
|    at java.io.ObjectInputStream.readObject (Unknown Source)
|    at edu.csus.ecs.pc2.core.transport.ConnectionHandlerThread.receive (ConnectionHandlerThread.java:152)
|    at edu.csus.ecs.pc2.core.transport.ConnectionHandlerClientThread.run (ConnectionHandlerClientThread.java:66)
220201 221049.945|FINER|Thread-1|run|THROW
|edu.csus.ecs.pc2.core.transport.TransportException: Connection reset
|    at edu.csus.ecs.pc2.core.transport.ConnectionHandlerThread.receive (ConnectionHandlerThread.java:156)
|    at edu.csus.ecs.pc2.core.transport.ConnectionHandlerClientThread.run (ConnectionHandlerClientThread.java:66)
220201 221049.947|INFO|Thread-1|connectionDropped|connectionDropped(ConnectionHandlerID myConnectionID) 
220201 221049.964|INFO|Thread-1|info|connectionDropped: shutting down <non-logged in client>
