220205 103753.433|CONFIG|main|setFileHandlers|Now logging to D:\pc2-9.7.0-6181\pc2-9.7.0\bin\logs directory.
220205 103753.435|INFO|main|info|
220205 103753.441|INFO|main|info|Version 9.7.0 20210317 (Wednesday, March 17th 2021 06:30 UTC) Java ver 1.8.0_311 build 6181 Windows 10 10.0 (amd64) 
220205 103753.441|INFO|main|startLog|Working directory is D:\pc2-9.7.0-6181\pc2-9.7.0\bin
220205 103753.457|INFO|main|startLog|Process id is 10772@DESKTOP-A2FRFRN
220205 103753.458|INFO|main|start|Starting ConnectionManager...
220205 103753.756|INFO|main|start|Started ConnectionManager
220205 103753.758|INFO|main|setClientServerAndPort|INIFile File location: file:/D:/pc2-9.7.0-6181/pc2-9.7.0/bin/pc2v9.ini
220205 103753.759|INFO|main|setClientServerAndPort|setClientServerAndPort localhost parsed as localhost port 50002
220205 103753.759|INFO|main|info|Contacting server at localhost:50002
220205 103753.760|INFO|main|connectToMyServer|Connecting to localhost:50002
220205 103753.814|INFO|Thread-1|receiveUnencrypted|receiveUnencrypted(TransportWrapper, ConnectionHandlerID=Socket[addr=localhost/127.0.0.1,port=50002,localport=59418]--713940371257008668)
220205 103753.922|FINER|main|info|FrameUtilities.loadAndVerifyImageFile(): searching for image file 'images/PC2Logo.png' in jar files
220205 103753.923|FINER|main|info|FrameUtilities.loadAndVerifyImageFile(): found image file 'images/PC2Logo.png' at URL 'jar:file:/D:/pc2-9.7.0-6181/pc2-9.7.0/lib/pc2.jar!/images/PC2Logo.png'
220205 103753.923|FINER|main|info|FrameUtilities.loadAndVerifyImageFile(): found image file 'images/PC2Logo.png'; verifying checksum
220205 103754.219|INFO|Thread-1|receiveUnencrypted|receiveUnencrypted Made a secret key for Socket[addr=localhost/127.0.0.1,port=50002,localport=59418]--713940371257008668 key is com.sun.crypto.provider.DESKey@fffe7bb7
220205 103754.220|INFO|Thread-1|getPublicKeyPacket|Generating Unencrypted Public Key Packet
220205 103754.227|INFO|Thread-1|getPublicKeyPacket|checking key:= SunJCE Diffie-Hellman Public Key:
y:
    31e78e00 8738a530 6d8a38de 25c52057 d358c41b 9fb73f57 c5175198 5dd71a5c
    0124d6ac f4bb4a0d fca98f33 f5254661 1d2f577c a5c437d8 8065c6c1 10c53d69
    7ec0fca3 a22cf6f4 acdb0154 18c9850b f8640a74 71b79b40 d3f9327b 08833a72
    7455c595 d96e08db 35dab690 7c99108d cdede6d3 215ed9b6 ebdbd5b6 d682b4f4
p:
    f488fd58 4e49dbcd 20b49de4 9107366b 336c380d 451d0f7c 88b31c7c 5b2d8ef6
    f3c923c0 43f0a55b 188d8ebb 558cb85d 38d334fd 7c175743 a31d186c de33212c
    b52aff3c e1b12940 18118d7c 84a70a72 d686c403 19c80729 7aca950c d9969fab
    d00a509b 0246d308 3d66a45d 419f9c7c bd894b22 1926baab a25ec355 e92f78c7
g:
    02
l:
    512
220205 103754.227|INFO|Thread-1|getPublicKeyPacket|packet:= edu.csus.ecs.pc2.core.transport.TransportWrapper@2d7c888e
220205 103754.481|FINER|main|info|FrameUtilities.loadAndVerifyImageFile(): searching for image file 'images/csus_logo.png' in jar files
220205 103754.482|FINER|main|info|FrameUtilities.loadAndVerifyImageFile(): found image file 'images/csus_logo.png' at URL 'jar:file:/D:/pc2-9.7.0-6181/pc2-9.7.0/lib/pc2.jar!/images/csus_logo.png'
220205 103754.482|FINER|main|info|FrameUtilities.loadAndVerifyImageFile(): found image file 'images/csus_logo.png'; verifying checksum
220205 103754.486|FINER|main|info|FrameUtilities.loadAndVerifyImageFile(): searching for image file 'images/ICPCWebMast_small.png' in jar files
220205 103754.486|FINER|main|info|FrameUtilities.loadAndVerifyImageFile(): found image file 'images/ICPCWebMast_small.png' at URL 'jar:file:/D:/pc2-9.7.0-6181/pc2-9.7.0/lib/pc2.jar!/images/ICPCWebMast_small.png'
220205 103754.486|FINER|main|info|FrameUtilities.loadAndVerifyImageFile(): found image file 'images/ICPCWebMast_small.png'; verifying checksum
