220131 230843.171|CONFIG|main|setFileHandlers|Now logging to D:\pc2-9.7.0-6181\pc2-9.7.0\bin\logs directory.
220131 230843.173|INFO|main|info|
220131 230843.178|INFO|main|info|Version 9.7.0 20210317 (Wednesday, March 17th 2021 06:30 UTC) Java ver 1.8.0_311 build 6181 Windows 10 10.0 (amd64) 
220131 230843.179|INFO|main|startLog|Working directory is D:\pc2-9.7.0-6181\pc2-9.7.0\bin
220131 230843.196|INFO|main|startLog|Process id is 1652@DESKTOP-A2FRFRN
220131 230843.197|INFO|main|start|Starting ConnectionManager...
220131 230843.502|INFO|main|start|Started ConnectionManager
220131 230843.505|INFO|main|setClientServerAndPort|INIFile File location: file:/D:/pc2-9.7.0-6181/pc2-9.7.0/bin/pc2v9.ini
220131 230843.506|INFO|main|setClientServerAndPort|setClientServerAndPort localhost parsed as localhost port 50002
220131 230843.507|INFO|main|info|Contacting server at localhost:50002
220131 230843.507|INFO|main|connectToMyServer|Connecting to localhost:50002
220131 230845.556|INFO|main|<init>|IO Exception:localhost
220131 230845.558|INFO|main|connectToMyServer|Could not ConnectToMyServer()
220131 230845.558|INFO|main|start|Exception contacting my server 
|edu.csus.ecs.pc2.core.transport.TransportException: Connection refused: connect
|    at edu.csus.ecs.pc2.core.transport.TransportManager.connectToMyServer (TransportManager.java:198)
|    at edu.csus.ecs.pc2.core.transport.connection.ConnectionManager.connectToMyServer (ConnectionManager.java:100)
|    at edu.csus.ecs.pc2.core.InternalController.start (InternalController.java:3105)
|    at edu.csus.ecs.pc2.Starter.main (Starter.java:50)
220131 230845.560|INFO|main|info|Unable to contact server at localhost:0 Connection refused: connect
220131 230845.684|FINER|main|info|FrameUtilities.loadAndVerifyImageFile(): searching for image file 'images/PC2Logo.png' in jar files
220131 230845.685|FINER|main|info|FrameUtilities.loadAndVerifyImageFile(): found image file 'images/PC2Logo.png' at URL 'jar:file:/D:/pc2-9.7.0-6181/pc2-9.7.0/lib/pc2.jar!/images/PC2Logo.png'
220131 230845.686|FINER|main|info|FrameUtilities.loadAndVerifyImageFile(): found image file 'images/PC2Logo.png'; verifying checksum
220131 230846.141|FINER|main|info|FrameUtilities.loadAndVerifyImageFile(): searching for image file 'images/csus_logo.png' in jar files
220131 230846.142|FINER|main|info|FrameUtilities.loadAndVerifyImageFile(): found image file 'images/csus_logo.png' at URL 'jar:file:/D:/pc2-9.7.0-6181/pc2-9.7.0/lib/pc2.jar!/images/csus_logo.png'
220131 230846.142|FINER|main|info|FrameUtilities.loadAndVerifyImageFile(): found image file 'images/csus_logo.png'; verifying checksum
220131 230846.146|FINER|main|info|FrameUtilities.loadAndVerifyImageFile(): searching for image file 'images/ICPCWebMast_small.png' in jar files
220131 230846.146|FINER|main|info|FrameUtilities.loadAndVerifyImageFile(): found image file 'images/ICPCWebMast_small.png' at URL 'jar:file:/D:/pc2-9.7.0-6181/pc2-9.7.0/lib/pc2.jar!/images/ICPCWebMast_small.png'
220131 230846.146|FINER|main|info|FrameUtilities.loadAndVerifyImageFile(): found image file 'images/ICPCWebMast_small.png'; verifying checksum
