220205 103647.424|CONFIG|main|setFileHandlers|Now logging to D:\pc2-9.7.0-6181\pc2-9.7.0\bin\logs directory.
220205 103647.426|INFO|main|info|
220205 103647.431|INFO|main|info|Version 9.7.0 20210317 (Wednesday, March 17th 2021 06:30 UTC) Java ver 1.8.0_311 build 6181 Windows 10 10.0 (amd64) 
220205 103647.432|INFO|main|startLog|Working directory is D:\pc2-9.7.0-6181\pc2-9.7.0\bin
220205 103647.449|INFO|main|startLog|Process id is 6604@DESKTOP-A2FRFRN
220205 103647.449|INFO|main|start|Starting ConnectionManager...
220205 103647.756|INFO|main|start|Started ConnectionManager
220205 103647.758|INFO|main|setClientServerAndPort|INIFile File location: file:/D:/pc2-9.7.0-6181/pc2-9.7.0/bin/pc2v9.ini
220205 103647.759|INFO|main|setClientServerAndPort|setClientServerAndPort localhost parsed as localhost port 50002
220205 103647.760|INFO|main|info|Contacting server at localhost:50002
220205 103647.760|INFO|main|connectToMyServer|Connecting to localhost:50002
220205 103647.816|INFO|Thread-1|receiveUnencrypted|receiveUnencrypted(TransportWrapper, ConnectionHandlerID=Socket[addr=localhost/127.0.0.1,port=50002,localport=59414]--1517280017008619154)
220205 103647.927|FINER|main|info|FrameUtilities.loadAndVerifyImageFile(): searching for image file 'images/PC2Logo.png' in jar files
220205 103647.928|FINER|main|info|FrameUtilities.loadAndVerifyImageFile(): found image file 'images/PC2Logo.png' at URL 'jar:file:/D:/pc2-9.7.0-6181/pc2-9.7.0/lib/pc2.jar!/images/PC2Logo.png'
220205 103647.928|FINER|main|info|FrameUtilities.loadAndVerifyImageFile(): found image file 'images/PC2Logo.png'; verifying checksum
220205 103648.251|INFO|Thread-1|receiveUnencrypted|receiveUnencrypted Made a secret key for Socket[addr=localhost/127.0.0.1,port=50002,localport=59414]--1517280017008619154 key is com.sun.crypto.provider.DESKey@fffe7a03
220205 103648.252|INFO|Thread-1|getPublicKeyPacket|Generating Unencrypted Public Key Packet
220205 103648.253|INFO|Thread-1|getPublicKeyPacket|checking key:= SunJCE Diffie-Hellman Public Key:
y:
    d6602632 2114dc98 ce953fdf 462f2aa7 ca0497f4 7a89c7c4 ceca906e 0790034b
    fc21bbd1 1e57dc81 593c468c 5c5e4e6f 209bcc6a b85cffb3 b7c08def fbe1d873
    36e53a25 dcde47b3 c298bf0c cd6e2ee2 b4eb62a0 be4911a5 dcb6e0ce 6a77f672
    fa64dfbc a98fd76b 76998708 4e91a4ba 2f706d09 40bd58e7 335362ba a5178ab4
p:
    f488fd58 4e49dbcd 20b49de4 9107366b 336c380d 451d0f7c 88b31c7c 5b2d8ef6
    f3c923c0 43f0a55b 188d8ebb 558cb85d 38d334fd 7c175743 a31d186c de33212c
    b52aff3c e1b12940 18118d7c 84a70a72 d686c403 19c80729 7aca950c d9969fab
    d00a509b 0246d308 3d66a45d 419f9c7c bd894b22 1926baab a25ec355 e92f78c7
g:
    02
l:
    512
220205 103648.254|INFO|Thread-1|getPublicKeyPacket|packet:= edu.csus.ecs.pc2.core.transport.TransportWrapper@2d7c888e
220205 103648.599|FINER|main|info|FrameUtilities.loadAndVerifyImageFile(): searching for image file 'images/csus_logo.png' in jar files
220205 103648.600|FINER|main|info|FrameUtilities.loadAndVerifyImageFile(): found image file 'images/csus_logo.png' at URL 'jar:file:/D:/pc2-9.7.0-6181/pc2-9.7.0/lib/pc2.jar!/images/csus_logo.png'
220205 103648.600|FINER|main|info|FrameUtilities.loadAndVerifyImageFile(): found image file 'images/csus_logo.png'; verifying checksum
220205 103648.606|FINER|main|info|FrameUtilities.loadAndVerifyImageFile(): searching for image file 'images/ICPCWebMast_small.png' in jar files
220205 103648.607|FINER|main|info|FrameUtilities.loadAndVerifyImageFile(): found image file 'images/ICPCWebMast_small.png' at URL 'jar:file:/D:/pc2-9.7.0-6181/pc2-9.7.0/lib/pc2.jar!/images/ICPCWebMast_small.png'
220205 103648.607|FINER|main|info|FrameUtilities.loadAndVerifyImageFile(): found image file 'images/ICPCWebMast_small.png'; verifying checksum
